ARM GAS  C:\Users\fskyy\AppData\Local\Temp\ccyF1p7l.s 			page 1


   1              		.syntax unified
   2              		.cpu cortex-m0
   3              		.fpu softvfp
   4              		.eabi_attribute 20, 1
   5              		.eabi_attribute 21, 1
   6              		.eabi_attribute 23, 3
   7              		.eabi_attribute 24, 1
   8              		.eabi_attribute 25, 1
   9              		.eabi_attribute 26, 1
  10              		.eabi_attribute 30, 1
  11              		.eabi_attribute 34, 0
  12              		.eabi_attribute 18, 4
  13              		.thumb
  14              		.syntax unified
  15              		.file	"CANLocalization.c"
  16              		.text
  17              	.Ltext0:
  18              		.cfi_sections	.debug_frame
  19              	.Letext0:
  20              		.section	.debug_info,"",%progbits
  21              	.Ldebug_info0:
  22 0000 67000000 		.4byte	0x67
  23 0004 0400     		.2byte	0x4
  24 0006 00000000 		.4byte	.Ldebug_abbrev0
  25 000a 04       		.byte	0x4
  26 000b 01       		.uleb128 0x1
  27 000c BE000000 		.4byte	.LASF10
  28 0010 0C       		.byte	0xc
  29 0011 6C010000 		.4byte	.LASF11
  30 0015 00000000 		.4byte	.LASF12
  31 0019 00000000 		.4byte	.Ldebug_line0
  32 001d 02       		.uleb128 0x2
  33 001e 01       		.byte	0x1
  34 001f 06       		.byte	0x6
  35 0020 7E000000 		.4byte	.LASF0
  36 0024 02       		.uleb128 0x2
  37 0025 01       		.byte	0x1
  38 0026 08       		.byte	0x8
  39 0027 4C010000 		.4byte	.LASF1
  40 002b 02       		.uleb128 0x2
  41 002c 02       		.byte	0x2
  42 002d 05       		.byte	0x5
  43 002e 9D000000 		.4byte	.LASF2
  44 0032 02       		.uleb128 0x2
  45 0033 02       		.byte	0x2
  46 0034 07       		.byte	0x7
  47 0035 8A000000 		.4byte	.LASF3
  48 0039 02       		.uleb128 0x2
  49 003a 04       		.byte	0x4
  50 003b 05       		.byte	0x5
  51 003c 5A010000 		.4byte	.LASF4
  52 0040 02       		.uleb128 0x2
  53 0041 04       		.byte	0x4
  54 0042 07       		.byte	0x7
  55 0043 6C000000 		.4byte	.LASF5
  56 0047 02       		.uleb128 0x2
  57 0048 08       		.byte	0x8
ARM GAS  C:\Users\fskyy\AppData\Local\Temp\ccyF1p7l.s 			page 2


  58 0049 05       		.byte	0x5
  59 004a 95010000 		.4byte	.LASF6
  60 004e 02       		.uleb128 0x2
  61 004f 08       		.byte	0x8
  62 0050 07       		.byte	0x7
  63 0051 A7000000 		.4byte	.LASF7
  64 0055 03       		.uleb128 0x3
  65 0056 04       		.byte	0x4
  66 0057 05       		.byte	0x5
  67 0058 696E7400 		.ascii	"int\000"
  68 005c 02       		.uleb128 0x2
  69 005d 04       		.byte	0x4
  70 005e 07       		.byte	0x7
  71 005f 5F000000 		.4byte	.LASF8
  72 0063 02       		.uleb128 0x2
  73 0064 04       		.byte	0x4
  74 0065 07       		.byte	0x7
  75 0066 63010000 		.4byte	.LASF9
  76 006a 00       		.byte	0
  77              		.section	.debug_abbrev,"",%progbits
  78              	.Ldebug_abbrev0:
  79 0000 01       		.uleb128 0x1
  80 0001 11       		.uleb128 0x11
  81 0002 01       		.byte	0x1
  82 0003 25       		.uleb128 0x25
  83 0004 0E       		.uleb128 0xe
  84 0005 13       		.uleb128 0x13
  85 0006 0B       		.uleb128 0xb
  86 0007 03       		.uleb128 0x3
  87 0008 0E       		.uleb128 0xe
  88 0009 1B       		.uleb128 0x1b
  89 000a 0E       		.uleb128 0xe
  90 000b 10       		.uleb128 0x10
  91 000c 17       		.uleb128 0x17
  92 000d 00       		.byte	0
  93 000e 00       		.byte	0
  94 000f 02       		.uleb128 0x2
  95 0010 24       		.uleb128 0x24
  96 0011 00       		.byte	0
  97 0012 0B       		.uleb128 0xb
  98 0013 0B       		.uleb128 0xb
  99 0014 3E       		.uleb128 0x3e
 100 0015 0B       		.uleb128 0xb
 101 0016 03       		.uleb128 0x3
 102 0017 0E       		.uleb128 0xe
 103 0018 00       		.byte	0
 104 0019 00       		.byte	0
 105 001a 03       		.uleb128 0x3
 106 001b 24       		.uleb128 0x24
 107 001c 00       		.byte	0
 108 001d 0B       		.uleb128 0xb
 109 001e 0B       		.uleb128 0xb
 110 001f 3E       		.uleb128 0x3e
 111 0020 0B       		.uleb128 0xb
 112 0021 03       		.uleb128 0x3
 113 0022 08       		.uleb128 0x8
 114 0023 00       		.byte	0
ARM GAS  C:\Users\fskyy\AppData\Local\Temp\ccyF1p7l.s 			page 3


 115 0024 00       		.byte	0
 116 0025 00       		.byte	0
 117              		.section	.debug_aranges,"",%progbits
 118 0000 14000000 		.4byte	0x14
 119 0004 0200     		.2byte	0x2
 120 0006 00000000 		.4byte	.Ldebug_info0
 121 000a 04       		.byte	0x4
 122 000b 00       		.byte	0
 123 000c 0000     		.2byte	0
 124 000e 0000     		.2byte	0
 125 0010 00000000 		.4byte	0
 126 0014 00000000 		.4byte	0
 127              		.section	.debug_line,"",%progbits
 128              	.Ldebug_line0:
 129 0000 19000000 		.section	.debug_str,"MS",%progbits,1
 129      02001300 
 129      00000201 
 129      FB0E0D00 
 129      01010101 
 130              	.LASF12:
 131 0000 433A5C55 		.ascii	"C:\\Users\\fskyy\\OneDrive\\Documents\\Husky Roboti"
 131      73657273 
 131      5C66736B 
 131      79795C4F 
 131      6E654472 
 132 002e 63735C43 		.ascii	"cs\\Chassis_Power_Distro\\ChassisPowerDistro.cydsn\000"
 132      68617373 
 132      69735F50 
 132      6F776572 
 132      5F446973 
 133              	.LASF8:
 134 005f 756E7369 		.ascii	"unsigned int\000"
 134      676E6564 
 134      20696E74 
 134      00
 135              	.LASF5:
 136 006c 6C6F6E67 		.ascii	"long unsigned int\000"
 136      20756E73 
 136      69676E65 
 136      6420696E 
 136      7400
 137              	.LASF0:
 138 007e 7369676E 		.ascii	"signed char\000"
 138      65642063 
 138      68617200 
 139              	.LASF3:
 140 008a 73686F72 		.ascii	"short unsigned int\000"
 140      7420756E 
 140      7369676E 
 140      65642069 
 140      6E7400
 141              	.LASF2:
 142 009d 73686F72 		.ascii	"short int\000"
 142      7420696E 
 142      7400
 143              	.LASF7:
 144 00a7 6C6F6E67 		.ascii	"long long unsigned int\000"
ARM GAS  C:\Users\fskyy\AppData\Local\Temp\ccyF1p7l.s 			page 4


 144      206C6F6E 
 144      6720756E 
 144      7369676E 
 144      65642069 
 145              	.LASF10:
 146 00be 474E5520 		.ascii	"GNU C11 5.4.1 20160609 (release) [ARM/embedded-5-br"
 146      43313120 
 146      352E342E 
 146      31203230 
 146      31363036 
 147 00f1 616E6368 		.ascii	"anch revision 237715] -mcpu=cortex-m0 -mthumb -g -O"
 147      20726576 
 147      6973696F 
 147      6E203233 
 147      37373135 
 148 0124 67202D66 		.ascii	"g -ffunction-sections -ffat-lto-objects\000"
 148      66756E63 
 148      74696F6E 
 148      2D736563 
 148      74696F6E 
 149              	.LASF1:
 150 014c 756E7369 		.ascii	"unsigned char\000"
 150      676E6564 
 150      20636861 
 150      7200
 151              	.LASF4:
 152 015a 6C6F6E67 		.ascii	"long int\000"
 152      20696E74 
 152      00
 153              	.LASF9:
 154 0163 73697A65 		.ascii	"sizetype\000"
 154      74797065 
 154      00
 155              	.LASF11:
 156 016c 2E2E5C48 		.ascii	"..\\HindsightCAN-master\\CANLocalization.c\000"
 156      696E6473 
 156      69676874 
 156      43414E2D 
 156      6D617374 
 157              	.LASF6:
 158 0195 6C6F6E67 		.ascii	"long long int\000"
 158      206C6F6E 
 158      6720696E 
 158      7400
 159              		.ident	"GCC: (GNU Tools for ARM Embedded Processors) 5.4.1 20160609 (release) [ARM/embedded-5-bran
