ARM GAS  C:\Users\fskyy\AppData\Local\Temp\cc9FQvmb.s 			page 1


   1              		.syntax unified
   2              		.cpu cortex-m0
   3              		.fpu softvfp
   4              		.eabi_attribute 20, 1
   5              		.eabi_attribute 21, 1
   6              		.eabi_attribute 23, 3
   7              		.eabi_attribute 24, 1
   8              		.eabi_attribute 25, 1
   9              		.eabi_attribute 26, 1
  10              		.eabi_attribute 30, 1
  11              		.eabi_attribute 34, 0
  12              		.eabi_attribute 18, 4
  13              		.thumb
  14              		.syntax unified
  15              		.file	"cyfitter_cfg.c"
  16              		.text
  17              	.Ltext0:
  18              		.cfi_sections	.debug_frame
  19              		.section	.text.AnalogSetDefault,"ax",%progbits
  20              		.align	2
  21              		.code	16
  22              		.thumb_func
  23              		.type	AnalogSetDefault, %function
  24              	AnalogSetDefault:
  25              	.LFB5:
  26              		.file 1 "Generated_Source\\PSoC4\\cyfitter_cfg.c"
   1:Generated_Source\PSoC4/cyfitter_cfg.c **** 
   2:Generated_Source\PSoC4/cyfitter_cfg.c **** /*******************************************************************************
   3:Generated_Source\PSoC4/cyfitter_cfg.c **** * File Name: cyfitter_cfg.c
   4:Generated_Source\PSoC4/cyfitter_cfg.c **** * 
   5:Generated_Source\PSoC4/cyfitter_cfg.c **** * PSoC Creator  4.4
   6:Generated_Source\PSoC4/cyfitter_cfg.c **** *
   7:Generated_Source\PSoC4/cyfitter_cfg.c **** * Description:
   8:Generated_Source\PSoC4/cyfitter_cfg.c **** * This file contains device initialization code.
   9:Generated_Source\PSoC4/cyfitter_cfg.c **** * Except for the user defined sections in CyClockStartupError(), this file should not be modified.
  10:Generated_Source\PSoC4/cyfitter_cfg.c **** * This file is automatically generated by PSoC Creator.
  11:Generated_Source\PSoC4/cyfitter_cfg.c **** *
  12:Generated_Source\PSoC4/cyfitter_cfg.c **** ********************************************************************************
  13:Generated_Source\PSoC4/cyfitter_cfg.c **** * Copyright (c) 2007-2020 Cypress Semiconductor.  All rights reserved.
  14:Generated_Source\PSoC4/cyfitter_cfg.c **** * You may use this file only in accordance with the license, terms, conditions, 
  15:Generated_Source\PSoC4/cyfitter_cfg.c **** * disclaimers, and limitations in the end user license agreement accompanying 
  16:Generated_Source\PSoC4/cyfitter_cfg.c **** * the software package with which this file was provided.
  17:Generated_Source\PSoC4/cyfitter_cfg.c **** ********************************************************************************/
  18:Generated_Source\PSoC4/cyfitter_cfg.c **** 
  19:Generated_Source\PSoC4/cyfitter_cfg.c **** #include <string.h>
  20:Generated_Source\PSoC4/cyfitter_cfg.c **** #include "cytypes.h"
  21:Generated_Source\PSoC4/cyfitter_cfg.c **** #include "cydevice_trm.h"
  22:Generated_Source\PSoC4/cyfitter_cfg.c **** #include "cyfitter.h"
  23:Generated_Source\PSoC4/cyfitter_cfg.c **** #include "CyLib.h"
  24:Generated_Source\PSoC4/cyfitter_cfg.c **** #include "CyLFClk.h"
  25:Generated_Source\PSoC4/cyfitter_cfg.c **** #include "cyfitter_cfg.h"
  26:Generated_Source\PSoC4/cyfitter_cfg.c **** #include "cyapicallbacks.h"
  27:Generated_Source\PSoC4/cyfitter_cfg.c **** 
  28:Generated_Source\PSoC4/cyfitter_cfg.c **** 
  29:Generated_Source\PSoC4/cyfitter_cfg.c **** #if defined(__GNUC__) || defined(__ARMCC_VERSION)
  30:Generated_Source\PSoC4/cyfitter_cfg.c ****     #define CYPACKED 
  31:Generated_Source\PSoC4/cyfitter_cfg.c ****     #define CYPACKED_ATTR __attribute__ ((packed))
ARM GAS  C:\Users\fskyy\AppData\Local\Temp\cc9FQvmb.s 			page 2


  32:Generated_Source\PSoC4/cyfitter_cfg.c ****     #define CYALIGNED __attribute__ ((aligned))
  33:Generated_Source\PSoC4/cyfitter_cfg.c ****     #define CY_CFG_UNUSED __attribute__ ((unused))
  34:Generated_Source\PSoC4/cyfitter_cfg.c ****     #ifndef CY_CFG_SECTION
  35:Generated_Source\PSoC4/cyfitter_cfg.c ****         #define CY_CFG_SECTION __attribute__ ((section(".psocinit")))
  36:Generated_Source\PSoC4/cyfitter_cfg.c ****     #endif
  37:Generated_Source\PSoC4/cyfitter_cfg.c ****     
  38:Generated_Source\PSoC4/cyfitter_cfg.c ****     #if defined(__ARMCC_VERSION)
  39:Generated_Source\PSoC4/cyfitter_cfg.c ****         #define CY_CFG_MEMORY_BARRIER() __memory_changed()
  40:Generated_Source\PSoC4/cyfitter_cfg.c ****     #else
  41:Generated_Source\PSoC4/cyfitter_cfg.c ****         #define CY_CFG_MEMORY_BARRIER() __sync_synchronize()
  42:Generated_Source\PSoC4/cyfitter_cfg.c ****     #endif
  43:Generated_Source\PSoC4/cyfitter_cfg.c ****     
  44:Generated_Source\PSoC4/cyfitter_cfg.c **** #elif defined(__ICCARM__)
  45:Generated_Source\PSoC4/cyfitter_cfg.c ****     #include <intrinsics.h>
  46:Generated_Source\PSoC4/cyfitter_cfg.c **** 
  47:Generated_Source\PSoC4/cyfitter_cfg.c ****     #define CYPACKED __packed
  48:Generated_Source\PSoC4/cyfitter_cfg.c ****     #define CYPACKED_ATTR 
  49:Generated_Source\PSoC4/cyfitter_cfg.c ****     #define CYALIGNED _Pragma("data_alignment=4")
  50:Generated_Source\PSoC4/cyfitter_cfg.c ****     #define CY_CFG_UNUSED _Pragma("diag_suppress=Pe177")
  51:Generated_Source\PSoC4/cyfitter_cfg.c ****     #define CY_CFG_SECTION _Pragma("location=\".psocinit\"")
  52:Generated_Source\PSoC4/cyfitter_cfg.c ****     
  53:Generated_Source\PSoC4/cyfitter_cfg.c ****     #define CY_CFG_MEMORY_BARRIER() __DMB()
  54:Generated_Source\PSoC4/cyfitter_cfg.c ****     
  55:Generated_Source\PSoC4/cyfitter_cfg.c **** #else
  56:Generated_Source\PSoC4/cyfitter_cfg.c ****     #error Unsupported toolchain
  57:Generated_Source\PSoC4/cyfitter_cfg.c **** #endif
  58:Generated_Source\PSoC4/cyfitter_cfg.c **** 
  59:Generated_Source\PSoC4/cyfitter_cfg.c **** #ifndef CYCODE
  60:Generated_Source\PSoC4/cyfitter_cfg.c ****     #define CYCODE
  61:Generated_Source\PSoC4/cyfitter_cfg.c **** #endif
  62:Generated_Source\PSoC4/cyfitter_cfg.c **** #ifndef CYDATA
  63:Generated_Source\PSoC4/cyfitter_cfg.c ****     #define CYDATA
  64:Generated_Source\PSoC4/cyfitter_cfg.c **** #endif
  65:Generated_Source\PSoC4/cyfitter_cfg.c **** #ifndef CYFAR
  66:Generated_Source\PSoC4/cyfitter_cfg.c ****     #define CYFAR
  67:Generated_Source\PSoC4/cyfitter_cfg.c **** #endif
  68:Generated_Source\PSoC4/cyfitter_cfg.c **** #ifndef CYXDATA
  69:Generated_Source\PSoC4/cyfitter_cfg.c ****     #define CYXDATA
  70:Generated_Source\PSoC4/cyfitter_cfg.c **** #endif
  71:Generated_Source\PSoC4/cyfitter_cfg.c **** 
  72:Generated_Source\PSoC4/cyfitter_cfg.c **** 
  73:Generated_Source\PSoC4/cyfitter_cfg.c **** CY_CFG_UNUSED
  74:Generated_Source\PSoC4/cyfitter_cfg.c **** static void CYMEMZERO(void *s, size_t n);
  75:Generated_Source\PSoC4/cyfitter_cfg.c **** CY_CFG_UNUSED
  76:Generated_Source\PSoC4/cyfitter_cfg.c **** static void CYMEMZERO(void *s, size_t n)
  77:Generated_Source\PSoC4/cyfitter_cfg.c **** {
  78:Generated_Source\PSoC4/cyfitter_cfg.c **** 	(void)memset(s, 0, n);
  79:Generated_Source\PSoC4/cyfitter_cfg.c **** }
  80:Generated_Source\PSoC4/cyfitter_cfg.c **** CY_CFG_UNUSED
  81:Generated_Source\PSoC4/cyfitter_cfg.c **** static void CYCONFIGCPY(void *dest, const void *src, size_t n);
  82:Generated_Source\PSoC4/cyfitter_cfg.c **** CY_CFG_UNUSED
  83:Generated_Source\PSoC4/cyfitter_cfg.c **** static void CYCONFIGCPY(void *dest, const void *src, size_t n)
  84:Generated_Source\PSoC4/cyfitter_cfg.c **** {
  85:Generated_Source\PSoC4/cyfitter_cfg.c **** 	(void)memcpy(dest, src, n);
  86:Generated_Source\PSoC4/cyfitter_cfg.c **** }
  87:Generated_Source\PSoC4/cyfitter_cfg.c **** CY_CFG_UNUSED
  88:Generated_Source\PSoC4/cyfitter_cfg.c **** static void CYCONFIGCPYCODE(void *dest, const void *src, size_t n);
ARM GAS  C:\Users\fskyy\AppData\Local\Temp\cc9FQvmb.s 			page 3


  89:Generated_Source\PSoC4/cyfitter_cfg.c **** CY_CFG_UNUSED
  90:Generated_Source\PSoC4/cyfitter_cfg.c **** static void CYCONFIGCPYCODE(void *dest, const void *src, size_t n)
  91:Generated_Source\PSoC4/cyfitter_cfg.c **** {
  92:Generated_Source\PSoC4/cyfitter_cfg.c **** 	(void)memcpy(dest, src, n);
  93:Generated_Source\PSoC4/cyfitter_cfg.c **** }
  94:Generated_Source\PSoC4/cyfitter_cfg.c **** 
  95:Generated_Source\PSoC4/cyfitter_cfg.c **** 
  96:Generated_Source\PSoC4/cyfitter_cfg.c **** 
  97:Generated_Source\PSoC4/cyfitter_cfg.c **** 
  98:Generated_Source\PSoC4/cyfitter_cfg.c **** /* Clock startup error codes                                                   */
  99:Generated_Source\PSoC4/cyfitter_cfg.c **** #define CYCLOCKSTART_NO_ERROR    0u
 100:Generated_Source\PSoC4/cyfitter_cfg.c **** #define CYCLOCKSTART_XTAL_ERROR  1u
 101:Generated_Source\PSoC4/cyfitter_cfg.c **** #define CYCLOCKSTART_32KHZ_ERROR 2u
 102:Generated_Source\PSoC4/cyfitter_cfg.c **** #define CYCLOCKSTART_PLL_ERROR   3u
 103:Generated_Source\PSoC4/cyfitter_cfg.c **** #define CYCLOCKSTART_FLL_ERROR   4u
 104:Generated_Source\PSoC4/cyfitter_cfg.c **** #define CYCLOCKSTART_WCO_ERROR   5u
 105:Generated_Source\PSoC4/cyfitter_cfg.c **** 
 106:Generated_Source\PSoC4/cyfitter_cfg.c **** 
 107:Generated_Source\PSoC4/cyfitter_cfg.c **** #ifdef CY_NEED_CYCLOCKSTARTUPERROR
 108:Generated_Source\PSoC4/cyfitter_cfg.c **** /*******************************************************************************
 109:Generated_Source\PSoC4/cyfitter_cfg.c **** * Function Name: CyClockStartupError
 110:Generated_Source\PSoC4/cyfitter_cfg.c **** ********************************************************************************
 111:Generated_Source\PSoC4/cyfitter_cfg.c **** * Summary:
 112:Generated_Source\PSoC4/cyfitter_cfg.c **** *  If an error is encountered during clock configuration (crystal startup error,
 113:Generated_Source\PSoC4/cyfitter_cfg.c **** *  PLL lock error, etc.), the system will end up here.  Unless reimplemented by
 114:Generated_Source\PSoC4/cyfitter_cfg.c **** *  the customer, this function will stop in an infinite loop.
 115:Generated_Source\PSoC4/cyfitter_cfg.c **** *
 116:Generated_Source\PSoC4/cyfitter_cfg.c **** * Parameters:
 117:Generated_Source\PSoC4/cyfitter_cfg.c **** *   void
 118:Generated_Source\PSoC4/cyfitter_cfg.c **** *
 119:Generated_Source\PSoC4/cyfitter_cfg.c **** * Return:
 120:Generated_Source\PSoC4/cyfitter_cfg.c **** *   void
 121:Generated_Source\PSoC4/cyfitter_cfg.c **** *
 122:Generated_Source\PSoC4/cyfitter_cfg.c **** *******************************************************************************/
 123:Generated_Source\PSoC4/cyfitter_cfg.c **** CY_CFG_UNUSED
 124:Generated_Source\PSoC4/cyfitter_cfg.c **** static void CyClockStartupError(uint8 errorCode);
 125:Generated_Source\PSoC4/cyfitter_cfg.c **** CY_CFG_UNUSED
 126:Generated_Source\PSoC4/cyfitter_cfg.c **** static void CyClockStartupError(uint8 errorCode)
 127:Generated_Source\PSoC4/cyfitter_cfg.c **** {
 128:Generated_Source\PSoC4/cyfitter_cfg.c ****     /* To remove the compiler warning if errorCode not used.                */
 129:Generated_Source\PSoC4/cyfitter_cfg.c ****     errorCode = errorCode;
 130:Generated_Source\PSoC4/cyfitter_cfg.c **** 
 131:Generated_Source\PSoC4/cyfitter_cfg.c ****     /* If we have a clock startup error (bad MHz crystal, PLL lock, etc.),  */
 132:Generated_Source\PSoC4/cyfitter_cfg.c ****     /* we will end up here to allow the customer to implement something to  */
 133:Generated_Source\PSoC4/cyfitter_cfg.c ****     /* deal with the clock condition.                                       */
 134:Generated_Source\PSoC4/cyfitter_cfg.c **** 
 135:Generated_Source\PSoC4/cyfitter_cfg.c **** #ifdef CY_CFG_CLOCK_STARTUP_ERROR_CALLBACK
 136:Generated_Source\PSoC4/cyfitter_cfg.c ****     CY_CFG_Clock_Startup_ErrorCallback();
 137:Generated_Source\PSoC4/cyfitter_cfg.c **** #else
 138:Generated_Source\PSoC4/cyfitter_cfg.c ****     /*  If not using CY_CFG_CLOCK_STARTUP_ERROR_CALLBACK, place your clock startup code here. */
 139:Generated_Source\PSoC4/cyfitter_cfg.c ****     /* `#START CyClockStartupError` */
 140:Generated_Source\PSoC4/cyfitter_cfg.c **** 
 141:Generated_Source\PSoC4/cyfitter_cfg.c **** 
 142:Generated_Source\PSoC4/cyfitter_cfg.c **** 
 143:Generated_Source\PSoC4/cyfitter_cfg.c ****     /* `#END` */
 144:Generated_Source\PSoC4/cyfitter_cfg.c **** 
 145:Generated_Source\PSoC4/cyfitter_cfg.c ****     while(1) {}
ARM GAS  C:\Users\fskyy\AppData\Local\Temp\cc9FQvmb.s 			page 4


 146:Generated_Source\PSoC4/cyfitter_cfg.c **** #endif /* CY_CFG_CLOCK_STARTUP_ERROR_CALLBACK */
 147:Generated_Source\PSoC4/cyfitter_cfg.c **** }
 148:Generated_Source\PSoC4/cyfitter_cfg.c **** #endif
 149:Generated_Source\PSoC4/cyfitter_cfg.c **** 
 150:Generated_Source\PSoC4/cyfitter_cfg.c **** 
 151:Generated_Source\PSoC4/cyfitter_cfg.c **** 
 152:Generated_Source\PSoC4/cyfitter_cfg.c **** /*******************************************************************************
 153:Generated_Source\PSoC4/cyfitter_cfg.c **** * Function Name: ClockSetup
 154:Generated_Source\PSoC4/cyfitter_cfg.c **** ********************************************************************************
 155:Generated_Source\PSoC4/cyfitter_cfg.c **** *
 156:Generated_Source\PSoC4/cyfitter_cfg.c **** * Summary:
 157:Generated_Source\PSoC4/cyfitter_cfg.c **** *   Performs the initialization of all of the clocks in the device based on the
 158:Generated_Source\PSoC4/cyfitter_cfg.c **** *   settings in the Clock tab of the DWR.  This includes enabling the requested
 159:Generated_Source\PSoC4/cyfitter_cfg.c **** *   clocks and setting the necessary dividers to produce the desired frequency. 
 160:Generated_Source\PSoC4/cyfitter_cfg.c **** *
 161:Generated_Source\PSoC4/cyfitter_cfg.c **** * Parameters:
 162:Generated_Source\PSoC4/cyfitter_cfg.c **** *   void
 163:Generated_Source\PSoC4/cyfitter_cfg.c **** *
 164:Generated_Source\PSoC4/cyfitter_cfg.c **** * Return:
 165:Generated_Source\PSoC4/cyfitter_cfg.c **** *   void
 166:Generated_Source\PSoC4/cyfitter_cfg.c **** *
 167:Generated_Source\PSoC4/cyfitter_cfg.c **** *******************************************************************************/
 168:Generated_Source\PSoC4/cyfitter_cfg.c **** static void ClockSetup(void);
 169:Generated_Source\PSoC4/cyfitter_cfg.c **** CY_CFG_SECTION
 170:Generated_Source\PSoC4/cyfitter_cfg.c **** static void ClockSetup(void)
 171:Generated_Source\PSoC4/cyfitter_cfg.c **** {
 172:Generated_Source\PSoC4/cyfitter_cfg.c **** 
 173:Generated_Source\PSoC4/cyfitter_cfg.c **** 	/* Set Flash Cycles based on max possible frequency in case a glitch occurs during ClockSetup(). *
 174:Generated_Source\PSoC4/cyfitter_cfg.c **** 	CY_SET_REG32((void CYXDATA *)(CYREG_CPUSS_FLASH_CTL), (0x0012u));
 175:Generated_Source\PSoC4/cyfitter_cfg.c **** 
 176:Generated_Source\PSoC4/cyfitter_cfg.c **** 	/* Start the WCO */
 177:Generated_Source\PSoC4/cyfitter_cfg.c **** 	CySysClkWcoStart();
 178:Generated_Source\PSoC4/cyfitter_cfg.c **** 	CyDelayCycles(12000000u); /* WCO may take up to 500ms to start */
 179:Generated_Source\PSoC4/cyfitter_cfg.c **** 
 180:Generated_Source\PSoC4/cyfitter_cfg.c **** 	/* Setup and trim IMO based on desired frequency. */
 181:Generated_Source\PSoC4/cyfitter_cfg.c **** 	CySysClkWriteImoFreq(48u);
 182:Generated_Source\PSoC4/cyfitter_cfg.c **** 	CySysClkImoEnableWcoLock();
 183:Generated_Source\PSoC4/cyfitter_cfg.c **** 	/* CYDEV_CLK_ILO_CONFIG Starting address: CYDEV_CLK_ILO_CONFIG */
 184:Generated_Source\PSoC4/cyfitter_cfg.c **** 	CY_SET_REG32((void *)(CYREG_CLK_ILO_CONFIG), 0x80000006u);
 185:Generated_Source\PSoC4/cyfitter_cfg.c **** 
 186:Generated_Source\PSoC4/cyfitter_cfg.c **** 
 187:Generated_Source\PSoC4/cyfitter_cfg.c **** 	/* Setup phase aligned clocks */
 188:Generated_Source\PSoC4/cyfitter_cfg.c **** 	CY_SET_REG32((void *)CYREG_PERI_DIV_16_CTL0, 0x00000000u);
 189:Generated_Source\PSoC4/cyfitter_cfg.c **** 	CY_SET_REG32((void *)CYREG_PERI_DIV_CMD, 0x8000FF40u);
 190:Generated_Source\PSoC4/cyfitter_cfg.c **** 	CY_SET_REG32((void *)CYREG_PERI_DIV_16_CTL1, 0x00001D00u);
 191:Generated_Source\PSoC4/cyfitter_cfg.c **** 	CY_SET_REG32((void *)CYREG_PERI_DIV_CMD, 0x8000FF41u);
 192:Generated_Source\PSoC4/cyfitter_cfg.c **** 	CY_SET_REG32((void *)CYREG_PERI_DIV_16_CTL2, 0x00002200u);
 193:Generated_Source\PSoC4/cyfitter_cfg.c **** 	CY_SET_REG32((void *)CYREG_PERI_DIV_CMD, 0x8000FF42u);
 194:Generated_Source\PSoC4/cyfitter_cfg.c **** 
 195:Generated_Source\PSoC4/cyfitter_cfg.c **** 	/* CYDEV_CLK_IMO_CONFIG Starting address: CYDEV_CLK_IMO_CONFIG */
 196:Generated_Source\PSoC4/cyfitter_cfg.c **** 	CY_SET_REG32((void *)(CYREG_CLK_IMO_CONFIG), 0x80000000u);
 197:Generated_Source\PSoC4/cyfitter_cfg.c **** 
 198:Generated_Source\PSoC4/cyfitter_cfg.c **** 	/* CYDEV_CLK_SELECT Starting address: CYDEV_CLK_SELECT */
 199:Generated_Source\PSoC4/cyfitter_cfg.c **** 	CY_SET_REG32((void *)(CYREG_CLK_SELECT), 0x00040000u);
 200:Generated_Source\PSoC4/cyfitter_cfg.c **** 
 201:Generated_Source\PSoC4/cyfitter_cfg.c **** 	/* CYDEV_PERI_PCLK_CTL3 Starting address: CYDEV_PERI_PCLK_CTL3 */
 202:Generated_Source\PSoC4/cyfitter_cfg.c **** 	CY_SET_REG32((void *)(CYREG_PERI_PCLK_CTL3), 0x00000041u);
ARM GAS  C:\Users\fskyy\AppData\Local\Temp\cc9FQvmb.s 			page 5


 203:Generated_Source\PSoC4/cyfitter_cfg.c **** 
 204:Generated_Source\PSoC4/cyfitter_cfg.c **** 	/* CYDEV_PERI_PCLK_CTL2 Starting address: CYDEV_PERI_PCLK_CTL2 */
 205:Generated_Source\PSoC4/cyfitter_cfg.c **** 	CY_SET_REG32((void *)(CYREG_PERI_PCLK_CTL2), 0x00000042u);
 206:Generated_Source\PSoC4/cyfitter_cfg.c **** 
 207:Generated_Source\PSoC4/cyfitter_cfg.c **** 	(void)CyIntSetVector(8u, &CySysWdtIsr);
 208:Generated_Source\PSoC4/cyfitter_cfg.c **** 	CyIntEnable(8u);
 209:Generated_Source\PSoC4/cyfitter_cfg.c **** 	CY_SET_REG32((void *)(CYREG_WDT_CONFIG), 0x00000000u);
 210:Generated_Source\PSoC4/cyfitter_cfg.c **** }
 211:Generated_Source\PSoC4/cyfitter_cfg.c **** 
 212:Generated_Source\PSoC4/cyfitter_cfg.c **** 
 213:Generated_Source\PSoC4/cyfitter_cfg.c **** /* Analog API Functions */
 214:Generated_Source\PSoC4/cyfitter_cfg.c **** 
 215:Generated_Source\PSoC4/cyfitter_cfg.c **** 
 216:Generated_Source\PSoC4/cyfitter_cfg.c **** /*******************************************************************************
 217:Generated_Source\PSoC4/cyfitter_cfg.c **** * Function Name: AnalogSetDefault
 218:Generated_Source\PSoC4/cyfitter_cfg.c **** ********************************************************************************
 219:Generated_Source\PSoC4/cyfitter_cfg.c **** *
 220:Generated_Source\PSoC4/cyfitter_cfg.c **** * Summary:
 221:Generated_Source\PSoC4/cyfitter_cfg.c **** *  Sets up the analog portions of the chip to default values based on chip
 222:Generated_Source\PSoC4/cyfitter_cfg.c **** *  configuration options from the project.
 223:Generated_Source\PSoC4/cyfitter_cfg.c **** *
 224:Generated_Source\PSoC4/cyfitter_cfg.c **** * Parameters:
 225:Generated_Source\PSoC4/cyfitter_cfg.c **** *  void
 226:Generated_Source\PSoC4/cyfitter_cfg.c **** *
 227:Generated_Source\PSoC4/cyfitter_cfg.c **** * Return:
 228:Generated_Source\PSoC4/cyfitter_cfg.c **** *  void
 229:Generated_Source\PSoC4/cyfitter_cfg.c **** *
 230:Generated_Source\PSoC4/cyfitter_cfg.c **** *******************************************************************************/
 231:Generated_Source\PSoC4/cyfitter_cfg.c **** static void AnalogSetDefault(void);
 232:Generated_Source\PSoC4/cyfitter_cfg.c **** static void AnalogSetDefault(void)
 233:Generated_Source\PSoC4/cyfitter_cfg.c **** {
  27              		.loc 1 233 0
  28              		.cfi_startproc
  29              		@ args = 0, pretend = 0, frame = 0
  30              		@ frame_needed = 0, uses_anonymous_args = 0
  31              		@ link register save eliminated.
 234:Generated_Source\PSoC4/cyfitter_cfg.c **** 	CY_SET_XTND_REG32((void CYFAR *)CYREG_CTBM0_DFT_CTRL, 0x00000003u);
  32              		.loc 1 234 0
  33 0000 0323     		movs	r3, #3
  34 0002 044A     		ldr	r2, .L2
  35 0004 1360     		str	r3, [r2]
 235:Generated_Source\PSoC4/cyfitter_cfg.c **** 	CY_SET_XTND_REG32((void CYFAR *)CYREG_CTBM1_DFT_CTRL, 0x00000003u);
  36              		.loc 1 235 0
  37 0006 044A     		ldr	r2, .L2+4
  38 0008 1360     		str	r3, [r2]
 236:Generated_Source\PSoC4/cyfitter_cfg.c **** 	CY_SET_XTND_REG32((void CYFAR *)CYREG_PASS_DSAB_DSAB_CTRL, 0x00000000u);
  39              		.loc 1 236 0
  40 000a 0022     		movs	r2, #0
  41 000c 034B     		ldr	r3, .L2+8
  42 000e 1A60     		str	r2, [r3]
 237:Generated_Source\PSoC4/cyfitter_cfg.c **** }
  43              		.loc 1 237 0
  44              		@ sp needed
  45 0010 7047     		bx	lr
  46              	.L3:
  47 0012 C046     		.align	2
  48              	.L2:
ARM GAS  C:\Users\fskyy\AppData\Local\Temp\cc9FQvmb.s 			page 6


  49 0014 30003040 		.word	1076887600
  50 0018 30003140 		.word	1076953136
  51 001c 000E3F40 		.word	1077874176
  52              		.cfi_endproc
  53              	.LFE5:
  54              		.size	AnalogSetDefault, .-AnalogSetDefault
  55              		.section	.text.CYMEMZERO,"ax",%progbits
  56              		.align	2
  57              		.code	16
  58              		.thumb_func
  59              		.type	CYMEMZERO, %function
  60              	CYMEMZERO:
  61              	.LFB1:
  77:Generated_Source\PSoC4/cyfitter_cfg.c **** 	(void)memset(s, 0, n);
  62              		.loc 1 77 0
  63              		.cfi_startproc
  64              		@ args = 0, pretend = 0, frame = 0
  65              		@ frame_needed = 0, uses_anonymous_args = 0
  66              	.LVL0:
  67 0000 10B5     		push	{r4, lr}
  68              		.cfi_def_cfa_offset 8
  69              		.cfi_offset 4, -8
  70              		.cfi_offset 14, -4
  71 0002 0A00     		movs	r2, r1
  78:Generated_Source\PSoC4/cyfitter_cfg.c **** }
  72              		.loc 1 78 0
  73 0004 0021     		movs	r1, #0
  74              	.LVL1:
  75 0006 FFF7FEFF 		bl	memset
  76              	.LVL2:
  79:Generated_Source\PSoC4/cyfitter_cfg.c **** CY_CFG_UNUSED
  77              		.loc 1 79 0
  78              		@ sp needed
  79 000a 10BD     		pop	{r4, pc}
  80              		.cfi_endproc
  81              	.LFE1:
  82              		.size	CYMEMZERO, .-CYMEMZERO
  83              		.section	.psocinit,"ax",%progbits
  84              		.align	2
  85              		.code	16
  86              		.thumb_func
  87              		.type	ClockSetup, %function
  88              	ClockSetup:
  89              	.LFB4:
 171:Generated_Source\PSoC4/cyfitter_cfg.c **** 
  90              		.loc 1 171 0
  91              		.cfi_startproc
  92              		@ args = 0, pretend = 0, frame = 0
  93              		@ frame_needed = 0, uses_anonymous_args = 0
  94 0000 10B5     		push	{r4, lr}
  95              		.cfi_def_cfa_offset 8
  96              		.cfi_offset 4, -8
  97              		.cfi_offset 14, -4
 174:Generated_Source\PSoC4/cyfitter_cfg.c **** 
  98              		.loc 1 174 0
  99 0002 1222     		movs	r2, #18
 100 0004 1C4B     		ldr	r3, .L6
ARM GAS  C:\Users\fskyy\AppData\Local\Temp\cc9FQvmb.s 			page 7


 101 0006 1A60     		str	r2, [r3]
 177:Generated_Source\PSoC4/cyfitter_cfg.c **** 	CyDelayCycles(12000000u); /* WCO may take up to 500ms to start */
 102              		.loc 1 177 0
 103 0008 FFF7FEFF 		bl	CySysClkWcoStart
 104              	.LVL3:
 178:Generated_Source\PSoC4/cyfitter_cfg.c **** 
 105              		.loc 1 178 0
 106 000c 1B48     		ldr	r0, .L6+4
 107 000e FFF7FEFF 		bl	CyDelayCycles
 108              	.LVL4:
 181:Generated_Source\PSoC4/cyfitter_cfg.c **** 	CySysClkImoEnableWcoLock();
 109              		.loc 1 181 0
 110 0012 3020     		movs	r0, #48
 111 0014 FFF7FEFF 		bl	CySysClkWriteImoFreq
 112              	.LVL5:
 182:Generated_Source\PSoC4/cyfitter_cfg.c **** 	/* CYDEV_CLK_ILO_CONFIG Starting address: CYDEV_CLK_ILO_CONFIG */
 113              		.loc 1 182 0
 114 0018 FFF7FEFF 		bl	CySysClkImoEnableWcoLock
 115              	.LVL6:
 184:Generated_Source\PSoC4/cyfitter_cfg.c **** 
 116              		.loc 1 184 0
 117 001c 184A     		ldr	r2, .L6+8
 118 001e 194B     		ldr	r3, .L6+12
 119 0020 1A60     		str	r2, [r3]
 188:Generated_Source\PSoC4/cyfitter_cfg.c **** 	CY_SET_REG32((void *)CYREG_PERI_DIV_CMD, 0x8000FF40u);
 120              		.loc 1 188 0
 121 0022 0024     		movs	r4, #0
 122 0024 184B     		ldr	r3, .L6+16
 123 0026 1C60     		str	r4, [r3]
 189:Generated_Source\PSoC4/cyfitter_cfg.c **** 	CY_SET_REG32((void *)CYREG_PERI_DIV_16_CTL1, 0x00001D00u);
 124              		.loc 1 189 0
 125 0028 184B     		ldr	r3, .L6+20
 126 002a 194A     		ldr	r2, .L6+24
 127 002c 1A60     		str	r2, [r3]
 190:Generated_Source\PSoC4/cyfitter_cfg.c **** 	CY_SET_REG32((void *)CYREG_PERI_DIV_CMD, 0x8000FF41u);
 128              		.loc 1 190 0
 129 002e E821     		movs	r1, #232
 130 0030 4901     		lsls	r1, r1, #5
 131 0032 184A     		ldr	r2, .L6+28
 132 0034 1160     		str	r1, [r2]
 191:Generated_Source\PSoC4/cyfitter_cfg.c **** 	CY_SET_REG32((void *)CYREG_PERI_DIV_16_CTL2, 0x00002200u);
 133              		.loc 1 191 0
 134 0036 184A     		ldr	r2, .L6+32
 135 0038 1A60     		str	r2, [r3]
 192:Generated_Source\PSoC4/cyfitter_cfg.c **** 	CY_SET_REG32((void *)CYREG_PERI_DIV_CMD, 0x8000FF42u);
 136              		.loc 1 192 0
 137 003a 8821     		movs	r1, #136
 138 003c 8901     		lsls	r1, r1, #6
 139 003e 174A     		ldr	r2, .L6+36
 140 0040 1160     		str	r1, [r2]
 193:Generated_Source\PSoC4/cyfitter_cfg.c **** 
 141              		.loc 1 193 0
 142 0042 174A     		ldr	r2, .L6+40
 143 0044 1A60     		str	r2, [r3]
 196:Generated_Source\PSoC4/cyfitter_cfg.c **** 
 144              		.loc 1 196 0
 145 0046 8022     		movs	r2, #128
ARM GAS  C:\Users\fskyy\AppData\Local\Temp\cc9FQvmb.s 			page 8


 146 0048 1206     		lsls	r2, r2, #24
 147 004a 164B     		ldr	r3, .L6+44
 148 004c 1A60     		str	r2, [r3]
 199:Generated_Source\PSoC4/cyfitter_cfg.c **** 
 149              		.loc 1 199 0
 150 004e 8022     		movs	r2, #128
 151 0050 D202     		lsls	r2, r2, #11
 152 0052 154B     		ldr	r3, .L6+48
 153 0054 1A60     		str	r2, [r3]
 202:Generated_Source\PSoC4/cyfitter_cfg.c **** 
 154              		.loc 1 202 0
 155 0056 4122     		movs	r2, #65
 156 0058 144B     		ldr	r3, .L6+52
 157 005a 1A60     		str	r2, [r3]
 205:Generated_Source\PSoC4/cyfitter_cfg.c **** 
 158              		.loc 1 205 0
 159 005c 0132     		adds	r2, r2, #1
 160 005e 144B     		ldr	r3, .L6+56
 161 0060 1A60     		str	r2, [r3]
 207:Generated_Source\PSoC4/cyfitter_cfg.c **** 	CyIntEnable(8u);
 162              		.loc 1 207 0
 163 0062 1449     		ldr	r1, .L6+60
 164 0064 0820     		movs	r0, #8
 165 0066 FFF7FEFF 		bl	CyIntSetVector
 166              	.LVL7:
 208:Generated_Source\PSoC4/cyfitter_cfg.c **** 	CY_SET_REG32((void *)(CYREG_WDT_CONFIG), 0x00000000u);
 167              		.loc 1 208 0
 168 006a 0820     		movs	r0, #8
 169 006c FFF7FEFF 		bl	CyIntEnable
 170              	.LVL8:
 209:Generated_Source\PSoC4/cyfitter_cfg.c **** }
 171              		.loc 1 209 0
 172 0070 114B     		ldr	r3, .L6+64
 173 0072 1C60     		str	r4, [r3]
 210:Generated_Source\PSoC4/cyfitter_cfg.c **** 
 174              		.loc 1 210 0
 175              		@ sp needed
 176 0074 10BD     		pop	{r4, pc}
 177              	.L7:
 178 0076 C046     		.align	2
 179              	.L6:
 180 0078 30001040 		.word	1074790448
 181 007c 001BB700 		.word	12000000
 182 0080 06000080 		.word	-2147483642
 183 0084 04010B40 		.word	1074462980
 184 0088 00030140 		.word	1073808128
 185 008c 00000140 		.word	1073807360
 186 0090 40FF0080 		.word	-2147418304
 187 0094 04030140 		.word	1073808132
 188 0098 41FF0080 		.word	-2147418303
 189 009c 08030140 		.word	1073808136
 190 00a0 42FF0080 		.word	-2147418302
 191 00a4 08010B40 		.word	1074462984
 192 00a8 00010B40 		.word	1074462976
 193 00ac 0C010140 		.word	1073807628
 194 00b0 08010140 		.word	1073807624
 195 00b4 00000000 		.word	CySysWdtIsr
ARM GAS  C:\Users\fskyy\AppData\Local\Temp\cc9FQvmb.s 			page 9


 196 00b8 0C020B40 		.word	1074463244
 197              		.cfi_endproc
 198              	.LFE4:
 199              		.size	ClockSetup, .-ClockSetup
 200              		.align	2
 201              		.global	cyfitter_cfg
 202              		.code	16
 203              		.thumb_func
 204              		.type	cyfitter_cfg, %function
 205              	cyfitter_cfg:
 206              	.LFB6:
 238:Generated_Source\PSoC4/cyfitter_cfg.c **** 
 239:Generated_Source\PSoC4/cyfitter_cfg.c **** 
 240:Generated_Source\PSoC4/cyfitter_cfg.c **** 
 241:Generated_Source\PSoC4/cyfitter_cfg.c **** 
 242:Generated_Source\PSoC4/cyfitter_cfg.c **** /*******************************************************************************
 243:Generated_Source\PSoC4/cyfitter_cfg.c **** * Function Name: cyfitter_cfg
 244:Generated_Source\PSoC4/cyfitter_cfg.c **** ********************************************************************************
 245:Generated_Source\PSoC4/cyfitter_cfg.c **** * Summary:
 246:Generated_Source\PSoC4/cyfitter_cfg.c **** *  This function is called by the start-up code for the selected device. It
 247:Generated_Source\PSoC4/cyfitter_cfg.c **** *  performs all of the necessary device configuration based on the design
 248:Generated_Source\PSoC4/cyfitter_cfg.c **** *  settings.  This includes settings from the Design Wide Resources (DWR) such
 249:Generated_Source\PSoC4/cyfitter_cfg.c **** *  as Clocks and Pins as well as any component configuration that is necessary.
 250:Generated_Source\PSoC4/cyfitter_cfg.c **** *
 251:Generated_Source\PSoC4/cyfitter_cfg.c **** * Parameters:
 252:Generated_Source\PSoC4/cyfitter_cfg.c **** *   void
 253:Generated_Source\PSoC4/cyfitter_cfg.c **** *
 254:Generated_Source\PSoC4/cyfitter_cfg.c **** * Return:
 255:Generated_Source\PSoC4/cyfitter_cfg.c **** *   void
 256:Generated_Source\PSoC4/cyfitter_cfg.c **** *
 257:Generated_Source\PSoC4/cyfitter_cfg.c **** *******************************************************************************/
 258:Generated_Source\PSoC4/cyfitter_cfg.c **** CY_CFG_SECTION
 259:Generated_Source\PSoC4/cyfitter_cfg.c **** void cyfitter_cfg(void)
 260:Generated_Source\PSoC4/cyfitter_cfg.c **** {
 207              		.loc 1 260 0
 208              		.cfi_startproc
 209              		@ args = 0, pretend = 0, frame = 0
 210              		@ frame_needed = 0, uses_anonymous_args = 0
 211 00bc 10B5     		push	{r4, lr}
 212              		.cfi_def_cfa_offset 8
 213              		.cfi_offset 4, -8
 214              		.cfi_offset 14, -4
 261:Generated_Source\PSoC4/cyfitter_cfg.c **** 	/* Disable interrupts by default. Let user enable if/when they want. */
 262:Generated_Source\PSoC4/cyfitter_cfg.c **** 	CyGlobalIntDisable;
 215              		.loc 1 262 0
 216              		.syntax divided
 217              	@ 262 "Generated_Source\PSoC4\cyfitter_cfg.c" 1
 218 00be 72B6     		CPSID   i
 219              	@ 0 "" 2
 220              	.LVL9:
 221              		.thumb
 222              		.syntax unified
 223              	.LBB2:
 263:Generated_Source\PSoC4/cyfitter_cfg.c **** 
 264:Generated_Source\PSoC4/cyfitter_cfg.c **** 	{
 265:Generated_Source\PSoC4/cyfitter_cfg.c **** 
 266:Generated_Source\PSoC4/cyfitter_cfg.c **** 		CYPACKED typedef struct {
ARM GAS  C:\Users\fskyy\AppData\Local\Temp\cc9FQvmb.s 			page 10


 267:Generated_Source\PSoC4/cyfitter_cfg.c **** 			void CYFAR *address;
 268:Generated_Source\PSoC4/cyfitter_cfg.c **** 			uint16 size;
 269:Generated_Source\PSoC4/cyfitter_cfg.c **** 		} CYPACKED_ATTR cfg_memset_t;
 270:Generated_Source\PSoC4/cyfitter_cfg.c **** 
 271:Generated_Source\PSoC4/cyfitter_cfg.c **** 		static const cfg_memset_t CYCODE cfg_memset_list[] = {
 272:Generated_Source\PSoC4/cyfitter_cfg.c **** 			/* address, size */
 273:Generated_Source\PSoC4/cyfitter_cfg.c **** 			{(void CYFAR *)(CYDEV_UDB_P0_U0_BASE), 2048u},
 274:Generated_Source\PSoC4/cyfitter_cfg.c **** 			{(void CYFAR *)(CYDEV_UDB_DSI0_BASE), 2048u},
 275:Generated_Source\PSoC4/cyfitter_cfg.c **** 		};
 276:Generated_Source\PSoC4/cyfitter_cfg.c **** 
 277:Generated_Source\PSoC4/cyfitter_cfg.c **** 		uint8 CYDATA i;
 278:Generated_Source\PSoC4/cyfitter_cfg.c **** 
 279:Generated_Source\PSoC4/cyfitter_cfg.c **** 		/* Zero out critical memory blocks before beginning configuration */
 280:Generated_Source\PSoC4/cyfitter_cfg.c **** 		for (i = 0u; i < (sizeof(cfg_memset_list)/sizeof(cfg_memset_list[0])); i++)
 224              		.loc 1 280 0
 225 00c0 0024     		movs	r4, #0
 226 00c2 0FE0     		b	.L9
 227              	.LVL10:
 228              	.L10:
 229              	.LBB3:
 281:Generated_Source\PSoC4/cyfitter_cfg.c **** 		{
 282:Generated_Source\PSoC4/cyfitter_cfg.c **** 			const cfg_memset_t CYCODE * CYDATA ms = &cfg_memset_list[i];
 283:Generated_Source\PSoC4/cyfitter_cfg.c **** 			CYMEMZERO(ms->address, (size_t)(uint32)(ms->size));
 230              		.loc 1 283 0 discriminator 3
 231 00c4 2748     		ldr	r0, .L11
 232 00c6 6200     		lsls	r2, r4, #1
 233 00c8 1319     		adds	r3, r2, r4
 234 00ca 5900     		lsls	r1, r3, #1
 235 00cc 0B00     		movs	r3, r1
 236 00ce 4118     		adds	r1, r0, r1
 237 00d0 8988     		ldrh	r1, [r1, #4]
 238 00d2 1A5A     		ldrh	r2, [r3, r0]
 239 00d4 C318     		adds	r3, r0, r3
 240 00d6 5888     		ldrh	r0, [r3, #2]
 241 00d8 0004     		lsls	r0, r0, #16
 242 00da 1043     		orrs	r0, r2
 243 00dc FFF7FEFF 		bl	CYMEMZERO
 244              	.LVL11:
 245              	.LBE3:
 280:Generated_Source\PSoC4/cyfitter_cfg.c **** 		{
 246              		.loc 1 280 0 discriminator 3
 247 00e0 0134     		adds	r4, r4, #1
 248              	.LVL12:
 249 00e2 E4B2     		uxtb	r4, r4
 250              	.LVL13:
 251              	.L9:
 280:Generated_Source\PSoC4/cyfitter_cfg.c **** 		{
 252              		.loc 1 280 0 is_stmt 0 discriminator 1
 253 00e4 012C     		cmp	r4, #1
 254 00e6 EDD9     		bls	.L10
 284:Generated_Source\PSoC4/cyfitter_cfg.c **** 		}
 285:Generated_Source\PSoC4/cyfitter_cfg.c **** 
 286:Generated_Source\PSoC4/cyfitter_cfg.c **** 		/* HSIOM Starting address: CYDEV_HSIOM_BASE */
 287:Generated_Source\PSoC4/cyfitter_cfg.c **** 		CY_SET_REG32((void *)(CYREG_HSIOM_PORT_SEL1), 0x00000099u);
 255              		.loc 1 287 0 is_stmt 1
 256 00e8 9922     		movs	r2, #153
 257 00ea 1F4B     		ldr	r3, .L11+4
ARM GAS  C:\Users\fskyy\AppData\Local\Temp\cc9FQvmb.s 			page 11


 258 00ec 1A60     		str	r2, [r3]
 288:Generated_Source\PSoC4/cyfitter_cfg.c **** 		CY_SET_REG32((void *)(CYREG_HSIOM_PORT_SEL2), 0x000000EEu);
 259              		.loc 1 288 0
 260 00ee 5532     		adds	r2, r2, #85
 261 00f0 1E4B     		ldr	r3, .L11+8
 262 00f2 1A60     		str	r2, [r3]
 289:Generated_Source\PSoC4/cyfitter_cfg.c **** 		CY_SET_REG32((void *)(CYREG_HSIOM_PORT_SEL3), 0x0000EE00u);
 263              		.loc 1 289 0
 264 00f4 EE22     		movs	r2, #238
 265 00f6 1202     		lsls	r2, r2, #8
 266 00f8 1D4B     		ldr	r3, .L11+12
 267 00fa 1A60     		str	r2, [r3]
 290:Generated_Source\PSoC4/cyfitter_cfg.c **** 		CY_SET_REG32((void *)(CYREG_HSIOM_PORT_SEL4), 0x000000AAu);
 268              		.loc 1 290 0
 269 00fc AA22     		movs	r2, #170
 270 00fe 1D4B     		ldr	r3, .L11+16
 271 0100 1A60     		str	r2, [r3]
 291:Generated_Source\PSoC4/cyfitter_cfg.c **** 
 292:Generated_Source\PSoC4/cyfitter_cfg.c **** 		/* UDB_PA_1 Starting address: CYDEV_UDB_PA1_BASE */
 293:Generated_Source\PSoC4/cyfitter_cfg.c **** 		CY_SET_REG32((void *)(CYDEV_UDB_PA1_BASE), 0x00990000u);
 272              		.loc 1 293 0
 273 0102 9923     		movs	r3, #153
 274 0104 1B04     		lsls	r3, r3, #16
 275 0106 1C4A     		ldr	r2, .L11+20
 276 0108 1360     		str	r3, [r2]
 294:Generated_Source\PSoC4/cyfitter_cfg.c **** 
 295:Generated_Source\PSoC4/cyfitter_cfg.c **** 		/* UDB_PA_2 Starting address: CYDEV_UDB_PA2_BASE */
 296:Generated_Source\PSoC4/cyfitter_cfg.c **** 		CY_SET_REG32((void *)(CYDEV_UDB_PA2_BASE), 0x00990000u);
 277              		.loc 1 296 0
 278 010a 1C4A     		ldr	r2, .L11+24
 279 010c 1360     		str	r3, [r2]
 297:Generated_Source\PSoC4/cyfitter_cfg.c **** 
 298:Generated_Source\PSoC4/cyfitter_cfg.c **** 		/* UDB_PA_4 Starting address: CYDEV_UDB_PA4_BASE */
 299:Generated_Source\PSoC4/cyfitter_cfg.c **** 		CY_SET_REG32((void *)(CYDEV_UDB_PA4_BASE), 0x00990000u);
 280              		.loc 1 299 0
 281 010e 1C4A     		ldr	r2, .L11+28
 282 0110 1360     		str	r3, [r2]
 300:Generated_Source\PSoC4/cyfitter_cfg.c **** 
 301:Generated_Source\PSoC4/cyfitter_cfg.c **** 		/* UDB_PA_5 Starting address: CYDEV_UDB_PA5_BASE */
 302:Generated_Source\PSoC4/cyfitter_cfg.c **** 		CY_SET_REG32((void *)(CYDEV_UDB_PA5_BASE), 0x00990000u);
 283              		.loc 1 302 0
 284 0112 1C4A     		ldr	r2, .L11+32
 285 0114 1360     		str	r3, [r2]
 303:Generated_Source\PSoC4/cyfitter_cfg.c **** 
 304:Generated_Source\PSoC4/cyfitter_cfg.c **** 		/* UDB_PA_7 Starting address: CYDEV_UDB_PA7_BASE */
 305:Generated_Source\PSoC4/cyfitter_cfg.c **** 		CY_SET_REG32((void *)(CYDEV_UDB_PA7_BASE), 0x00990000u);
 286              		.loc 1 305 0
 287 0116 1C4A     		ldr	r2, .L11+36
 288 0118 1360     		str	r3, [r2]
 306:Generated_Source\PSoC4/cyfitter_cfg.c **** 
 307:Generated_Source\PSoC4/cyfitter_cfg.c **** 		/* Enable digital routing */
 308:Generated_Source\PSoC4/cyfitter_cfg.c **** 		CY_SET_XTND_REG8((void *)CYREG_UDB_UDB_BANK_CTL, (uint8)(CY_GET_XTND_REG8((void *)CYREG_UDB_UDB_B
 289              		.loc 1 308 0
 290 011a 1C4A     		ldr	r2, .L11+40
 291 011c 1178     		ldrb	r1, [r2]
 292 011e 0623     		movs	r3, #6
 293 0120 0B43     		orrs	r3, r1
ARM GAS  C:\Users\fskyy\AppData\Local\Temp\cc9FQvmb.s 			page 12


 294 0122 DBB2     		uxtb	r3, r3
 295 0124 1370     		strb	r3, [r2]
 296              	.LBE2:
 309:Generated_Source\PSoC4/cyfitter_cfg.c **** 	}
 310:Generated_Source\PSoC4/cyfitter_cfg.c **** 
 311:Generated_Source\PSoC4/cyfitter_cfg.c **** 	/* Perform second pass device configuration. These items must be configured in specific order afte
 312:Generated_Source\PSoC4/cyfitter_cfg.c **** 	/* IOPINS0_0 Starting address: CYDEV_GPIO_PRT0_BASE */
 313:Generated_Source\PSoC4/cyfitter_cfg.c **** 	CY_SET_REG32((void *)(CYREG_GPIO_PRT0_PC), 0x000001B6u);
 297              		.loc 1 313 0
 298 0126 DB22     		movs	r2, #219
 299 0128 5200     		lsls	r2, r2, #1
 300 012a 194B     		ldr	r3, .L11+44
 301 012c 1A60     		str	r2, [r3]
 314:Generated_Source\PSoC4/cyfitter_cfg.c **** 
 315:Generated_Source\PSoC4/cyfitter_cfg.c **** 	/* IOPINS0_1 Starting address: CYDEV_GPIO_PRT1_BASE */
 316:Generated_Source\PSoC4/cyfitter_cfg.c **** 	CY_SET_REG32((void *)(CYDEV_GPIO_PRT1_BASE), 0x00000002u);
 302              		.loc 1 316 0
 303 012e 0223     		movs	r3, #2
 304 0130 184A     		ldr	r2, .L11+48
 305 0132 1360     		str	r3, [r2]
 317:Generated_Source\PSoC4/cyfitter_cfg.c **** 	CY_SET_REG32((void *)(CYREG_GPIO_PRT1_PC), 0x00000031u);
 306              		.loc 1 317 0
 307 0134 3122     		movs	r2, #49
 308 0136 1849     		ldr	r1, .L11+52
 309 0138 0A60     		str	r2, [r1]
 318:Generated_Source\PSoC4/cyfitter_cfg.c **** 	CY_SET_REG32((void *)(CYREG_GPIO_PRT1_PC2), 0x00000002u);
 310              		.loc 1 318 0
 311 013a 1849     		ldr	r1, .L11+56
 312 013c 0B60     		str	r3, [r1]
 319:Generated_Source\PSoC4/cyfitter_cfg.c **** 
 320:Generated_Source\PSoC4/cyfitter_cfg.c **** 	/* IOPINS0_2 Starting address: CYDEV_GPIO_PRT2_BASE */
 321:Generated_Source\PSoC4/cyfitter_cfg.c **** 	CY_SET_REG32((void *)(CYDEV_GPIO_PRT2_BASE), 0x00000003u);
 313              		.loc 1 321 0
 314 013e 0320     		movs	r0, #3
 315 0140 1749     		ldr	r1, .L11+60
 316 0142 0860     		str	r0, [r1]
 322:Generated_Source\PSoC4/cyfitter_cfg.c **** 	CY_SET_REG32((void *)(CYREG_GPIO_PRT2_PC), 0x00000024u);
 317              		.loc 1 322 0
 318 0144 2130     		adds	r0, r0, #33
 319 0146 1749     		ldr	r1, .L11+64
 320 0148 0860     		str	r0, [r1]
 323:Generated_Source\PSoC4/cyfitter_cfg.c **** 
 324:Generated_Source\PSoC4/cyfitter_cfg.c **** 	/* IOPINS0_3 Starting address: CYDEV_GPIO_PRT3_BASE */
 325:Generated_Source\PSoC4/cyfitter_cfg.c **** 	CY_SET_REG32((void *)(CYREG_GPIO_PRT3_PC), 0x00000D80u);
 321              		.loc 1 325 0
 322 014a D820     		movs	r0, #216
 323 014c 0001     		lsls	r0, r0, #4
 324 014e 1649     		ldr	r1, .L11+68
 325 0150 0860     		str	r0, [r1]
 326:Generated_Source\PSoC4/cyfitter_cfg.c **** 
 327:Generated_Source\PSoC4/cyfitter_cfg.c **** 	/* IOPINS0_4 Starting address: CYDEV_GPIO_PRT4_BASE */
 328:Generated_Source\PSoC4/cyfitter_cfg.c **** 	CY_SET_REG32((void *)(CYDEV_GPIO_PRT4_BASE), 0x00000002u);
 326              		.loc 1 328 0
 327 0152 1649     		ldr	r1, .L11+72
 328 0154 0B60     		str	r3, [r1]
 329:Generated_Source\PSoC4/cyfitter_cfg.c **** 	CY_SET_REG32((void *)(CYREG_GPIO_PRT4_PC), 0x00000031u);
 329              		.loc 1 329 0
ARM GAS  C:\Users\fskyy\AppData\Local\Temp\cc9FQvmb.s 			page 13


 330 0156 164B     		ldr	r3, .L11+76
 331 0158 1A60     		str	r2, [r3]
 330:Generated_Source\PSoC4/cyfitter_cfg.c **** 
 331:Generated_Source\PSoC4/cyfitter_cfg.c **** 
 332:Generated_Source\PSoC4/cyfitter_cfg.c **** 	/* Setup clocks based on selections from Clock DWR */
 333:Generated_Source\PSoC4/cyfitter_cfg.c **** 	ClockSetup();
 332              		.loc 1 333 0
 333 015a FFF751FF 		bl	ClockSetup
 334              	.LVL14:
 334:Generated_Source\PSoC4/cyfitter_cfg.c **** 
 335:Generated_Source\PSoC4/cyfitter_cfg.c **** 	/* Perform basic analog initialization to defaults */
 336:Generated_Source\PSoC4/cyfitter_cfg.c **** 	AnalogSetDefault();
 335              		.loc 1 336 0
 336 015e FFF7FEFF 		bl	AnalogSetDefault
 337              	.LVL15:
 337:Generated_Source\PSoC4/cyfitter_cfg.c **** 
 338:Generated_Source\PSoC4/cyfitter_cfg.c **** }
 338              		.loc 1 338 0
 339              		@ sp needed
 340              	.LVL16:
 341 0162 10BD     		pop	{r4, pc}
 342              	.L12:
 343              		.align	2
 344              	.L11:
 345 0164 00000000 		.word	.LANCHOR0
 346 0168 00010240 		.word	1073873152
 347 016c 00020240 		.word	1073873408
 348 0170 00030240 		.word	1073873664
 349 0174 00040240 		.word	1073873920
 350 0178 10500F40 		.word	1074745360
 351 017c 20500F40 		.word	1074745376
 352 0180 40500F40 		.word	1074745408
 353 0184 50500F40 		.word	1074745424
 354 0188 70500F40 		.word	1074745456
 355 018c 00700F40 		.word	1074753536
 356 0190 08000440 		.word	1074003976
 357 0194 00010440 		.word	1074004224
 358 0198 08010440 		.word	1074004232
 359 019c 18010440 		.word	1074004248
 360 01a0 00020440 		.word	1074004480
 361 01a4 08020440 		.word	1074004488
 362 01a8 08030440 		.word	1074004744
 363 01ac 00040440 		.word	1074004992
 364 01b0 08040440 		.word	1074005000
 365              		.cfi_endproc
 366              	.LFE6:
 367              		.size	cyfitter_cfg, .-cyfitter_cfg
 368              		.section	.rodata
 369              		.align	2
 370              		.set	.LANCHOR0,. + 0
 371              		.type	cfg_memset_list.4948, %object
 372              		.size	cfg_memset_list.4948, 12
 373              	cfg_memset_list.4948:
 374 0000 00300F40 		.word	1074737152
 375 0004 0008     		.short	2048
 376 0006 00400F40 		.4byte	1074741248
 377 000a 0008     		.short	2048
ARM GAS  C:\Users\fskyy\AppData\Local\Temp\cc9FQvmb.s 			page 14


 378              		.text
 379              	.Letext0:
 380              		.file 2 "c:\\program files (x86)\\cypress\\psoc creator\\4.4\\psoc creator\\import\\gnu\\arm\\5.4.
 381              		.file 3 "Generated_Source\\PSoC4\\cytypes.h"
 382              		.file 4 "Generated_Source\\PSoC4\\CyLFClk.h"
 383              		.file 5 "Generated_Source\\PSoC4\\CyLib.h"
 384              		.section	.debug_info,"",%progbits
 385              	.Ldebug_info0:
 386 0000 DF020000 		.4byte	0x2df
 387 0004 0400     		.2byte	0x4
 388 0006 00000000 		.4byte	.Ldebug_abbrev0
 389 000a 04       		.byte	0x4
 390 000b 01       		.uleb128 0x1
 391 000c 7A010000 		.4byte	.LASF32
 392 0010 0C       		.byte	0xc
 393 0011 8A020000 		.4byte	.LASF33
 394 0015 E2000000 		.4byte	.LASF34
 395 0019 00000000 		.4byte	.Ldebug_ranges0+0
 396 001d 00000000 		.4byte	0
 397 0021 00000000 		.4byte	.Ldebug_line0
 398 0025 02       		.uleb128 0x2
 399 0026 04       		.byte	0x4
 400 0027 05       		.byte	0x5
 401 0028 696E7400 		.ascii	"int\000"
 402 002c 03       		.uleb128 0x3
 403 002d 14000000 		.4byte	.LASF12
 404 0031 02       		.byte	0x2
 405 0032 D8       		.byte	0xd8
 406 0033 37000000 		.4byte	0x37
 407 0037 04       		.uleb128 0x4
 408 0038 04       		.byte	0x4
 409 0039 07       		.byte	0x7
 410 003a 41010000 		.4byte	.LASF0
 411 003e 04       		.uleb128 0x4
 412 003f 08       		.byte	0x8
 413 0040 05       		.byte	0x5
 414 0041 1E020000 		.4byte	.LASF1
 415 0045 04       		.uleb128 0x4
 416 0046 08       		.byte	0x8
 417 0047 04       		.byte	0x4
 418 0048 72020000 		.4byte	.LASF2
 419 004c 04       		.uleb128 0x4
 420 004d 01       		.byte	0x1
 421 004e 06       		.byte	0x6
 422 004f 7E020000 		.4byte	.LASF3
 423 0053 04       		.uleb128 0x4
 424 0054 01       		.byte	0x1
 425 0055 08       		.byte	0x8
 426 0056 AC000000 		.4byte	.LASF4
 427 005a 04       		.uleb128 0x4
 428 005b 02       		.byte	0x2
 429 005c 05       		.byte	0x5
 430 005d 31020000 		.4byte	.LASF5
 431 0061 04       		.uleb128 0x4
 432 0062 02       		.byte	0x2
 433 0063 07       		.byte	0x7
 434 0064 56000000 		.4byte	.LASF6
ARM GAS  C:\Users\fskyy\AppData\Local\Temp\cc9FQvmb.s 			page 15


 435 0068 04       		.uleb128 0x4
 436 0069 04       		.byte	0x4
 437 006a 05       		.byte	0x5
 438 006b 69020000 		.4byte	.LASF7
 439 006f 04       		.uleb128 0x4
 440 0070 04       		.byte	0x4
 441 0071 07       		.byte	0x7
 442 0072 79000000 		.4byte	.LASF8
 443 0076 04       		.uleb128 0x4
 444 0077 08       		.byte	0x8
 445 0078 07       		.byte	0x7
 446 0079 63010000 		.4byte	.LASF9
 447 007d 04       		.uleb128 0x4
 448 007e 04       		.byte	0x4
 449 007f 07       		.byte	0x7
 450 0080 15020000 		.4byte	.LASF10
 451 0084 05       		.uleb128 0x5
 452 0085 04       		.byte	0x4
 453 0086 04       		.uleb128 0x4
 454 0087 01       		.byte	0x1
 455 0088 08       		.byte	0x8
 456 0089 2C020000 		.4byte	.LASF11
 457 008d 06       		.uleb128 0x6
 458 008e 8B000000 		.4byte	.LASF13
 459 0092 03       		.byte	0x3
 460 0093 FB01     		.2byte	0x1fb
 461 0095 53000000 		.4byte	0x53
 462 0099 06       		.uleb128 0x6
 463 009a D4000000 		.4byte	.LASF14
 464 009e 03       		.byte	0x3
 465 009f FC01     		.2byte	0x1fc
 466 00a1 61000000 		.4byte	0x61
 467 00a5 06       		.uleb128 0x6
 468 00a6 DB000000 		.4byte	.LASF15
 469 00aa 03       		.byte	0x3
 470 00ab FD01     		.2byte	0x1fd
 471 00ad 6F000000 		.4byte	0x6f
 472 00b1 04       		.uleb128 0x4
 473 00b2 04       		.byte	0x4
 474 00b3 04       		.byte	0x4
 475 00b4 69000000 		.4byte	.LASF16
 476 00b8 04       		.uleb128 0x4
 477 00b9 08       		.byte	0x8
 478 00ba 04       		.byte	0x4
 479 00bb C1000000 		.4byte	.LASF17
 480 00bf 06       		.uleb128 0x6
 481 00c0 74000000 		.4byte	.LASF18
 482 00c4 03       		.byte	0x3
 483 00c5 A502     		.2byte	0x2a5
 484 00c7 CB000000 		.4byte	0xcb
 485 00cb 07       		.uleb128 0x7
 486 00cc 8D000000 		.4byte	0x8d
 487 00d0 06       		.uleb128 0x6
 488 00d1 0E000000 		.4byte	.LASF19
 489 00d5 03       		.byte	0x3
 490 00d6 A702     		.2byte	0x2a7
 491 00d8 DC000000 		.4byte	0xdc
ARM GAS  C:\Users\fskyy\AppData\Local\Temp\cc9FQvmb.s 			page 16


 492 00dc 07       		.uleb128 0x7
 493 00dd A5000000 		.4byte	0xa5
 494 00e1 08       		.uleb128 0x8
 495 00e2 1B000000 		.4byte	.LASF35
 496 00e6 01       		.byte	0x1
 497 00e7 E8       		.byte	0xe8
 498 00e8 00000000 		.4byte	.LFB5
 499 00ec 20000000 		.4byte	.LFE5-.LFB5
 500 00f0 01       		.uleb128 0x1
 501 00f1 9C       		.byte	0x9c
 502 00f2 09       		.uleb128 0x9
 503 00f3 A2000000 		.4byte	.LASF20
 504 00f7 01       		.byte	0x1
 505 00f8 4C       		.byte	0x4c
 506 00f9 00000000 		.4byte	.LFB1
 507 00fd 0C000000 		.4byte	.LFE1-.LFB1
 508 0101 01       		.uleb128 0x1
 509 0102 9C       		.byte	0x9c
 510 0103 3F010000 		.4byte	0x13f
 511 0107 0A       		.uleb128 0xa
 512 0108 7300     		.ascii	"s\000"
 513 010a 01       		.byte	0x1
 514 010b 4C       		.byte	0x4c
 515 010c 84000000 		.4byte	0x84
 516 0110 00000000 		.4byte	.LLST0
 517 0114 0A       		.uleb128 0xa
 518 0115 6E00     		.ascii	"n\000"
 519 0117 01       		.byte	0x1
 520 0118 4C       		.byte	0x4c
 521 0119 2C000000 		.4byte	0x2c
 522 011d 21000000 		.4byte	.LLST1
 523 0121 0B       		.uleb128 0xb
 524 0122 0A000000 		.4byte	.LVL2
 525 0126 97020000 		.4byte	0x297
 526 012a 0C       		.uleb128 0xc
 527 012b 01       		.uleb128 0x1
 528 012c 50       		.byte	0x50
 529 012d 03       		.uleb128 0x3
 530 012e F3       		.byte	0xf3
 531 012f 01       		.uleb128 0x1
 532 0130 50       		.byte	0x50
 533 0131 0C       		.uleb128 0xc
 534 0132 01       		.uleb128 0x1
 535 0133 51       		.byte	0x51
 536 0134 01       		.uleb128 0x1
 537 0135 30       		.byte	0x30
 538 0136 0C       		.uleb128 0xc
 539 0137 01       		.uleb128 0x1
 540 0138 52       		.byte	0x52
 541 0139 03       		.uleb128 0x3
 542 013a F3       		.byte	0xf3
 543 013b 01       		.uleb128 0x1
 544 013c 51       		.byte	0x51
 545 013d 00       		.byte	0
 546 013e 00       		.byte	0
 547 013f 09       		.uleb128 0x9
 548 0140 4B000000 		.4byte	.LASF21
ARM GAS  C:\Users\fskyy\AppData\Local\Temp\cc9FQvmb.s 			page 17


 549 0144 01       		.byte	0x1
 550 0145 AA       		.byte	0xaa
 551 0146 00000000 		.4byte	.LFB4
 552 014a BC000000 		.4byte	.LFE4-.LFB4
 553 014e 01       		.uleb128 0x1
 554 014f 9C       		.byte	0x9c
 555 0150 B4010000 		.4byte	0x1b4
 556 0154 0D       		.uleb128 0xd
 557 0155 0C000000 		.4byte	.LVL3
 558 0159 A0020000 		.4byte	0x2a0
 559 015d 0E       		.uleb128 0xe
 560 015e 12000000 		.4byte	.LVL4
 561 0162 AB020000 		.4byte	0x2ab
 562 0166 74010000 		.4byte	0x174
 563 016a 0C       		.uleb128 0xc
 564 016b 01       		.uleb128 0x1
 565 016c 50       		.byte	0x50
 566 016d 05       		.uleb128 0x5
 567 016e 0C       		.byte	0xc
 568 016f 001BB700 		.4byte	0xb71b00
 569 0173 00       		.byte	0
 570 0174 0E       		.uleb128 0xe
 571 0175 18000000 		.4byte	.LVL5
 572 0179 B6020000 		.4byte	0x2b6
 573 017d 88010000 		.4byte	0x188
 574 0181 0C       		.uleb128 0xc
 575 0182 01       		.uleb128 0x1
 576 0183 50       		.byte	0x50
 577 0184 02       		.uleb128 0x2
 578 0185 08       		.byte	0x8
 579 0186 30       		.byte	0x30
 580 0187 00       		.byte	0
 581 0188 0D       		.uleb128 0xd
 582 0189 1C000000 		.4byte	.LVL6
 583 018d C1020000 		.4byte	0x2c1
 584 0191 0E       		.uleb128 0xe
 585 0192 6A000000 		.4byte	.LVL7
 586 0196 CC020000 		.4byte	0x2cc
 587 019a A4010000 		.4byte	0x1a4
 588 019e 0C       		.uleb128 0xc
 589 019f 01       		.uleb128 0x1
 590 01a0 50       		.byte	0x50
 591 01a1 01       		.uleb128 0x1
 592 01a2 38       		.byte	0x38
 593 01a3 00       		.byte	0
 594 01a4 0B       		.uleb128 0xb
 595 01a5 70000000 		.4byte	.LVL8
 596 01a9 D7020000 		.4byte	0x2d7
 597 01ad 0C       		.uleb128 0xc
 598 01ae 01       		.uleb128 0x1
 599 01af 50       		.byte	0x50
 600 01b0 01       		.uleb128 0x1
 601 01b1 38       		.byte	0x38
 602 01b2 00       		.byte	0
 603 01b3 00       		.byte	0
 604 01b4 0F       		.uleb128 0xf
 605 01b5 4E010000 		.4byte	.LASF36
ARM GAS  C:\Users\fskyy\AppData\Local\Temp\cc9FQvmb.s 			page 18


 606 01b9 01       		.byte	0x1
 607 01ba 0301     		.2byte	0x103
 608 01bc BC000000 		.4byte	.LFB6
 609 01c0 F8000000 		.4byte	.LFE6-.LFB6
 610 01c4 01       		.uleb128 0x1
 611 01c5 9C       		.byte	0x9c
 612 01c6 97020000 		.4byte	0x297
 613 01ca 10       		.uleb128 0x10
 614 01cb C0000000 		.4byte	.LBB2
 615 01cf 66000000 		.4byte	.LBE2-.LBB2
 616 01d3 84020000 		.4byte	0x284
 617 01d7 11       		.uleb128 0x11
 618 01d8 06       		.byte	0x6
 619 01d9 01       		.byte	0x1
 620 01da 0A01     		.2byte	0x10a
 621 01dc FB010000 		.4byte	0x1fb
 622 01e0 12       		.uleb128 0x12
 623 01e1 5B010000 		.4byte	.LASF22
 624 01e5 01       		.byte	0x1
 625 01e6 0B01     		.2byte	0x10b
 626 01e8 84000000 		.4byte	0x84
 627 01ec 00       		.byte	0
 628 01ed 12       		.uleb128 0x12
 629 01ee 6F000000 		.4byte	.LASF23
 630 01f2 01       		.byte	0x1
 631 01f3 0C01     		.2byte	0x10c
 632 01f5 99000000 		.4byte	0x99
 633 01f9 04       		.byte	0x4
 634 01fa 00       		.byte	0
 635 01fb 06       		.uleb128 0x6
 636 01fc 08020000 		.4byte	.LASF24
 637 0200 01       		.byte	0x1
 638 0201 0D01     		.2byte	0x10d
 639 0203 D7010000 		.4byte	0x1d7
 640 0207 13       		.uleb128 0x13
 641 0208 17020000 		.4byte	0x217
 642 020c 17020000 		.4byte	0x217
 643 0210 14       		.uleb128 0x14
 644 0211 7D000000 		.4byte	0x7d
 645 0215 01       		.byte	0x1
 646 0216 00       		.byte	0
 647 0217 15       		.uleb128 0x15
 648 0218 FB010000 		.4byte	0x1fb
 649 021c 16       		.uleb128 0x16
 650 021d 3B000000 		.4byte	.LASF25
 651 0221 01       		.byte	0x1
 652 0222 0F01     		.2byte	0x10f
 653 0224 2E020000 		.4byte	0x22e
 654 0228 05       		.uleb128 0x5
 655 0229 03       		.byte	0x3
 656 022a 00000000 		.4byte	cfg_memset_list.4948
 657 022e 15       		.uleb128 0x15
 658 022f 07020000 		.4byte	0x207
 659 0233 17       		.uleb128 0x17
 660 0234 6900     		.ascii	"i\000"
 661 0236 01       		.byte	0x1
 662 0237 1501     		.2byte	0x115
ARM GAS  C:\Users\fskyy\AppData\Local\Temp\cc9FQvmb.s 			page 19


 663 0239 8D000000 		.4byte	0x8d
 664 023d 4D000000 		.4byte	.LLST2
 665 0241 18       		.uleb128 0x18
 666 0242 C4000000 		.4byte	.LBB3
 667 0246 1C000000 		.4byte	.LBE3-.LBB3
 668 024a 17       		.uleb128 0x17
 669 024b 6D7300   		.ascii	"ms\000"
 670 024e 01       		.byte	0x1
 671 024f 1A01     		.2byte	0x11a
 672 0251 59020000 		.4byte	0x259
 673 0255 77000000 		.4byte	.LLST3
 674 0259 19       		.uleb128 0x19
 675 025a 04       		.byte	0x4
 676 025b 17020000 		.4byte	0x217
 677 025f 0B       		.uleb128 0xb
 678 0260 E0000000 		.4byte	.LVL11
 679 0264 F2000000 		.4byte	0xf2
 680 0268 0C       		.uleb128 0xc
 681 0269 01       		.uleb128 0x1
 682 026a 51       		.byte	0x51
 683 026b 15       		.uleb128 0x15
 684 026c 74       		.byte	0x74
 685 026d 00       		.sleb128 0
 686 026e 31       		.byte	0x31
 687 026f 24       		.byte	0x24
 688 0270 74       		.byte	0x74
 689 0271 00       		.sleb128 0
 690 0272 22       		.byte	0x22
 691 0273 31       		.byte	0x31
 692 0274 24       		.byte	0x24
 693 0275 03       		.byte	0x3
 694 0276 04000000 		.4byte	.LANCHOR0+4
 695 027a 22       		.byte	0x22
 696 027b 94       		.byte	0x94
 697 027c 02       		.byte	0x2
 698 027d 0A       		.byte	0xa
 699 027e FFFF     		.2byte	0xffff
 700 0280 1A       		.byte	0x1a
 701 0281 00       		.byte	0
 702 0282 00       		.byte	0
 703 0283 00       		.byte	0
 704 0284 0D       		.uleb128 0xd
 705 0285 5E010000 		.4byte	.LVL14
 706 0289 3F010000 		.4byte	0x13f
 707 028d 0D       		.uleb128 0xd
 708 028e 62010000 		.4byte	.LVL15
 709 0292 E1000000 		.4byte	0xe1
 710 0296 00       		.byte	0
 711 0297 1A       		.uleb128 0x1a
 712 0298 BA000000 		.4byte	.LASF37
 713 029c BA000000 		.4byte	.LASF37
 714 02a0 1B       		.uleb128 0x1b
 715 02a1 91000000 		.4byte	.LASF26
 716 02a5 91000000 		.4byte	.LASF26
 717 02a9 04       		.byte	0x4
 718 02aa 4E       		.byte	0x4e
 719 02ab 1B       		.uleb128 0x1b
ARM GAS  C:\Users\fskyy\AppData\Local\Temp\cc9FQvmb.s 			page 20


 720 02ac 00000000 		.4byte	.LASF27
 721 02b0 00000000 		.4byte	.LASF27
 722 02b4 05       		.byte	0x5
 723 02b5 EF       		.byte	0xef
 724 02b6 1B       		.uleb128 0x1b
 725 02b7 3B020000 		.4byte	.LASF28
 726 02bb 3B020000 		.4byte	.LASF28
 727 02bf 05       		.byte	0x5
 728 02c0 6C       		.byte	0x6c
 729 02c1 1B       		.uleb128 0x1b
 730 02c2 50020000 		.4byte	.LASF29
 731 02c6 50020000 		.4byte	.LASF29
 732 02ca 05       		.byte	0x5
 733 02cb 5C       		.byte	0x5c
 734 02cc 1B       		.uleb128 0x1b
 735 02cd 2C000000 		.4byte	.LASF30
 736 02d1 2C000000 		.4byte	.LASF30
 737 02d5 05       		.byte	0x5
 738 02d6 D0       		.byte	0xd0
 739 02d7 1B       		.uleb128 0x1b
 740 02d8 C8000000 		.4byte	.LASF31
 741 02dc C8000000 		.4byte	.LASF31
 742 02e0 05       		.byte	0x5
 743 02e1 D6       		.byte	0xd6
 744 02e2 00       		.byte	0
 745              		.section	.debug_abbrev,"",%progbits
 746              	.Ldebug_abbrev0:
 747 0000 01       		.uleb128 0x1
 748 0001 11       		.uleb128 0x11
 749 0002 01       		.byte	0x1
 750 0003 25       		.uleb128 0x25
 751 0004 0E       		.uleb128 0xe
 752 0005 13       		.uleb128 0x13
 753 0006 0B       		.uleb128 0xb
 754 0007 03       		.uleb128 0x3
 755 0008 0E       		.uleb128 0xe
 756 0009 1B       		.uleb128 0x1b
 757 000a 0E       		.uleb128 0xe
 758 000b 55       		.uleb128 0x55
 759 000c 17       		.uleb128 0x17
 760 000d 11       		.uleb128 0x11
 761 000e 01       		.uleb128 0x1
 762 000f 10       		.uleb128 0x10
 763 0010 17       		.uleb128 0x17
 764 0011 00       		.byte	0
 765 0012 00       		.byte	0
 766 0013 02       		.uleb128 0x2
 767 0014 24       		.uleb128 0x24
 768 0015 00       		.byte	0
 769 0016 0B       		.uleb128 0xb
 770 0017 0B       		.uleb128 0xb
 771 0018 3E       		.uleb128 0x3e
 772 0019 0B       		.uleb128 0xb
 773 001a 03       		.uleb128 0x3
 774 001b 08       		.uleb128 0x8
 775 001c 00       		.byte	0
 776 001d 00       		.byte	0
ARM GAS  C:\Users\fskyy\AppData\Local\Temp\cc9FQvmb.s 			page 21


 777 001e 03       		.uleb128 0x3
 778 001f 16       		.uleb128 0x16
 779 0020 00       		.byte	0
 780 0021 03       		.uleb128 0x3
 781 0022 0E       		.uleb128 0xe
 782 0023 3A       		.uleb128 0x3a
 783 0024 0B       		.uleb128 0xb
 784 0025 3B       		.uleb128 0x3b
 785 0026 0B       		.uleb128 0xb
 786 0027 49       		.uleb128 0x49
 787 0028 13       		.uleb128 0x13
 788 0029 00       		.byte	0
 789 002a 00       		.byte	0
 790 002b 04       		.uleb128 0x4
 791 002c 24       		.uleb128 0x24
 792 002d 00       		.byte	0
 793 002e 0B       		.uleb128 0xb
 794 002f 0B       		.uleb128 0xb
 795 0030 3E       		.uleb128 0x3e
 796 0031 0B       		.uleb128 0xb
 797 0032 03       		.uleb128 0x3
 798 0033 0E       		.uleb128 0xe
 799 0034 00       		.byte	0
 800 0035 00       		.byte	0
 801 0036 05       		.uleb128 0x5
 802 0037 0F       		.uleb128 0xf
 803 0038 00       		.byte	0
 804 0039 0B       		.uleb128 0xb
 805 003a 0B       		.uleb128 0xb
 806 003b 00       		.byte	0
 807 003c 00       		.byte	0
 808 003d 06       		.uleb128 0x6
 809 003e 16       		.uleb128 0x16
 810 003f 00       		.byte	0
 811 0040 03       		.uleb128 0x3
 812 0041 0E       		.uleb128 0xe
 813 0042 3A       		.uleb128 0x3a
 814 0043 0B       		.uleb128 0xb
 815 0044 3B       		.uleb128 0x3b
 816 0045 05       		.uleb128 0x5
 817 0046 49       		.uleb128 0x49
 818 0047 13       		.uleb128 0x13
 819 0048 00       		.byte	0
 820 0049 00       		.byte	0
 821 004a 07       		.uleb128 0x7
 822 004b 35       		.uleb128 0x35
 823 004c 00       		.byte	0
 824 004d 49       		.uleb128 0x49
 825 004e 13       		.uleb128 0x13
 826 004f 00       		.byte	0
 827 0050 00       		.byte	0
 828 0051 08       		.uleb128 0x8
 829 0052 2E       		.uleb128 0x2e
 830 0053 00       		.byte	0
 831 0054 03       		.uleb128 0x3
 832 0055 0E       		.uleb128 0xe
 833 0056 3A       		.uleb128 0x3a
ARM GAS  C:\Users\fskyy\AppData\Local\Temp\cc9FQvmb.s 			page 22


 834 0057 0B       		.uleb128 0xb
 835 0058 3B       		.uleb128 0x3b
 836 0059 0B       		.uleb128 0xb
 837 005a 27       		.uleb128 0x27
 838 005b 19       		.uleb128 0x19
 839 005c 11       		.uleb128 0x11
 840 005d 01       		.uleb128 0x1
 841 005e 12       		.uleb128 0x12
 842 005f 06       		.uleb128 0x6
 843 0060 40       		.uleb128 0x40
 844 0061 18       		.uleb128 0x18
 845 0062 9742     		.uleb128 0x2117
 846 0064 19       		.uleb128 0x19
 847 0065 00       		.byte	0
 848 0066 00       		.byte	0
 849 0067 09       		.uleb128 0x9
 850 0068 2E       		.uleb128 0x2e
 851 0069 01       		.byte	0x1
 852 006a 03       		.uleb128 0x3
 853 006b 0E       		.uleb128 0xe
 854 006c 3A       		.uleb128 0x3a
 855 006d 0B       		.uleb128 0xb
 856 006e 3B       		.uleb128 0x3b
 857 006f 0B       		.uleb128 0xb
 858 0070 27       		.uleb128 0x27
 859 0071 19       		.uleb128 0x19
 860 0072 11       		.uleb128 0x11
 861 0073 01       		.uleb128 0x1
 862 0074 12       		.uleb128 0x12
 863 0075 06       		.uleb128 0x6
 864 0076 40       		.uleb128 0x40
 865 0077 18       		.uleb128 0x18
 866 0078 9742     		.uleb128 0x2117
 867 007a 19       		.uleb128 0x19
 868 007b 01       		.uleb128 0x1
 869 007c 13       		.uleb128 0x13
 870 007d 00       		.byte	0
 871 007e 00       		.byte	0
 872 007f 0A       		.uleb128 0xa
 873 0080 05       		.uleb128 0x5
 874 0081 00       		.byte	0
 875 0082 03       		.uleb128 0x3
 876 0083 08       		.uleb128 0x8
 877 0084 3A       		.uleb128 0x3a
 878 0085 0B       		.uleb128 0xb
 879 0086 3B       		.uleb128 0x3b
 880 0087 0B       		.uleb128 0xb
 881 0088 49       		.uleb128 0x49
 882 0089 13       		.uleb128 0x13
 883 008a 02       		.uleb128 0x2
 884 008b 17       		.uleb128 0x17
 885 008c 00       		.byte	0
 886 008d 00       		.byte	0
 887 008e 0B       		.uleb128 0xb
 888 008f 898201   		.uleb128 0x4109
 889 0092 01       		.byte	0x1
 890 0093 11       		.uleb128 0x11
ARM GAS  C:\Users\fskyy\AppData\Local\Temp\cc9FQvmb.s 			page 23


 891 0094 01       		.uleb128 0x1
 892 0095 31       		.uleb128 0x31
 893 0096 13       		.uleb128 0x13
 894 0097 00       		.byte	0
 895 0098 00       		.byte	0
 896 0099 0C       		.uleb128 0xc
 897 009a 8A8201   		.uleb128 0x410a
 898 009d 00       		.byte	0
 899 009e 02       		.uleb128 0x2
 900 009f 18       		.uleb128 0x18
 901 00a0 9142     		.uleb128 0x2111
 902 00a2 18       		.uleb128 0x18
 903 00a3 00       		.byte	0
 904 00a4 00       		.byte	0
 905 00a5 0D       		.uleb128 0xd
 906 00a6 898201   		.uleb128 0x4109
 907 00a9 00       		.byte	0
 908 00aa 11       		.uleb128 0x11
 909 00ab 01       		.uleb128 0x1
 910 00ac 31       		.uleb128 0x31
 911 00ad 13       		.uleb128 0x13
 912 00ae 00       		.byte	0
 913 00af 00       		.byte	0
 914 00b0 0E       		.uleb128 0xe
 915 00b1 898201   		.uleb128 0x4109
 916 00b4 01       		.byte	0x1
 917 00b5 11       		.uleb128 0x11
 918 00b6 01       		.uleb128 0x1
 919 00b7 31       		.uleb128 0x31
 920 00b8 13       		.uleb128 0x13
 921 00b9 01       		.uleb128 0x1
 922 00ba 13       		.uleb128 0x13
 923 00bb 00       		.byte	0
 924 00bc 00       		.byte	0
 925 00bd 0F       		.uleb128 0xf
 926 00be 2E       		.uleb128 0x2e
 927 00bf 01       		.byte	0x1
 928 00c0 3F       		.uleb128 0x3f
 929 00c1 19       		.uleb128 0x19
 930 00c2 03       		.uleb128 0x3
 931 00c3 0E       		.uleb128 0xe
 932 00c4 3A       		.uleb128 0x3a
 933 00c5 0B       		.uleb128 0xb
 934 00c6 3B       		.uleb128 0x3b
 935 00c7 05       		.uleb128 0x5
 936 00c8 27       		.uleb128 0x27
 937 00c9 19       		.uleb128 0x19
 938 00ca 11       		.uleb128 0x11
 939 00cb 01       		.uleb128 0x1
 940 00cc 12       		.uleb128 0x12
 941 00cd 06       		.uleb128 0x6
 942 00ce 40       		.uleb128 0x40
 943 00cf 18       		.uleb128 0x18
 944 00d0 9742     		.uleb128 0x2117
 945 00d2 19       		.uleb128 0x19
 946 00d3 01       		.uleb128 0x1
 947 00d4 13       		.uleb128 0x13
ARM GAS  C:\Users\fskyy\AppData\Local\Temp\cc9FQvmb.s 			page 24


 948 00d5 00       		.byte	0
 949 00d6 00       		.byte	0
 950 00d7 10       		.uleb128 0x10
 951 00d8 0B       		.uleb128 0xb
 952 00d9 01       		.byte	0x1
 953 00da 11       		.uleb128 0x11
 954 00db 01       		.uleb128 0x1
 955 00dc 12       		.uleb128 0x12
 956 00dd 06       		.uleb128 0x6
 957 00de 01       		.uleb128 0x1
 958 00df 13       		.uleb128 0x13
 959 00e0 00       		.byte	0
 960 00e1 00       		.byte	0
 961 00e2 11       		.uleb128 0x11
 962 00e3 13       		.uleb128 0x13
 963 00e4 01       		.byte	0x1
 964 00e5 0B       		.uleb128 0xb
 965 00e6 0B       		.uleb128 0xb
 966 00e7 3A       		.uleb128 0x3a
 967 00e8 0B       		.uleb128 0xb
 968 00e9 3B       		.uleb128 0x3b
 969 00ea 05       		.uleb128 0x5
 970 00eb 01       		.uleb128 0x1
 971 00ec 13       		.uleb128 0x13
 972 00ed 00       		.byte	0
 973 00ee 00       		.byte	0
 974 00ef 12       		.uleb128 0x12
 975 00f0 0D       		.uleb128 0xd
 976 00f1 00       		.byte	0
 977 00f2 03       		.uleb128 0x3
 978 00f3 0E       		.uleb128 0xe
 979 00f4 3A       		.uleb128 0x3a
 980 00f5 0B       		.uleb128 0xb
 981 00f6 3B       		.uleb128 0x3b
 982 00f7 05       		.uleb128 0x5
 983 00f8 49       		.uleb128 0x49
 984 00f9 13       		.uleb128 0x13
 985 00fa 38       		.uleb128 0x38
 986 00fb 0B       		.uleb128 0xb
 987 00fc 00       		.byte	0
 988 00fd 00       		.byte	0
 989 00fe 13       		.uleb128 0x13
 990 00ff 01       		.uleb128 0x1
 991 0100 01       		.byte	0x1
 992 0101 49       		.uleb128 0x49
 993 0102 13       		.uleb128 0x13
 994 0103 01       		.uleb128 0x1
 995 0104 13       		.uleb128 0x13
 996 0105 00       		.byte	0
 997 0106 00       		.byte	0
 998 0107 14       		.uleb128 0x14
 999 0108 21       		.uleb128 0x21
 1000 0109 00       		.byte	0
 1001 010a 49       		.uleb128 0x49
 1002 010b 13       		.uleb128 0x13
 1003 010c 2F       		.uleb128 0x2f
 1004 010d 0B       		.uleb128 0xb
ARM GAS  C:\Users\fskyy\AppData\Local\Temp\cc9FQvmb.s 			page 25


 1005 010e 00       		.byte	0
 1006 010f 00       		.byte	0
 1007 0110 15       		.uleb128 0x15
 1008 0111 26       		.uleb128 0x26
 1009 0112 00       		.byte	0
 1010 0113 49       		.uleb128 0x49
 1011 0114 13       		.uleb128 0x13
 1012 0115 00       		.byte	0
 1013 0116 00       		.byte	0
 1014 0117 16       		.uleb128 0x16
 1015 0118 34       		.uleb128 0x34
 1016 0119 00       		.byte	0
 1017 011a 03       		.uleb128 0x3
 1018 011b 0E       		.uleb128 0xe
 1019 011c 3A       		.uleb128 0x3a
 1020 011d 0B       		.uleb128 0xb
 1021 011e 3B       		.uleb128 0x3b
 1022 011f 05       		.uleb128 0x5
 1023 0120 49       		.uleb128 0x49
 1024 0121 13       		.uleb128 0x13
 1025 0122 02       		.uleb128 0x2
 1026 0123 18       		.uleb128 0x18
 1027 0124 00       		.byte	0
 1028 0125 00       		.byte	0
 1029 0126 17       		.uleb128 0x17
 1030 0127 34       		.uleb128 0x34
 1031 0128 00       		.byte	0
 1032 0129 03       		.uleb128 0x3
 1033 012a 08       		.uleb128 0x8
 1034 012b 3A       		.uleb128 0x3a
 1035 012c 0B       		.uleb128 0xb
 1036 012d 3B       		.uleb128 0x3b
 1037 012e 05       		.uleb128 0x5
 1038 012f 49       		.uleb128 0x49
 1039 0130 13       		.uleb128 0x13
 1040 0131 02       		.uleb128 0x2
 1041 0132 17       		.uleb128 0x17
 1042 0133 00       		.byte	0
 1043 0134 00       		.byte	0
 1044 0135 18       		.uleb128 0x18
 1045 0136 0B       		.uleb128 0xb
 1046 0137 01       		.byte	0x1
 1047 0138 11       		.uleb128 0x11
 1048 0139 01       		.uleb128 0x1
 1049 013a 12       		.uleb128 0x12
 1050 013b 06       		.uleb128 0x6
 1051 013c 00       		.byte	0
 1052 013d 00       		.byte	0
 1053 013e 19       		.uleb128 0x19
 1054 013f 0F       		.uleb128 0xf
 1055 0140 00       		.byte	0
 1056 0141 0B       		.uleb128 0xb
 1057 0142 0B       		.uleb128 0xb
 1058 0143 49       		.uleb128 0x49
 1059 0144 13       		.uleb128 0x13
 1060 0145 00       		.byte	0
 1061 0146 00       		.byte	0
ARM GAS  C:\Users\fskyy\AppData\Local\Temp\cc9FQvmb.s 			page 26


 1062 0147 1A       		.uleb128 0x1a
 1063 0148 2E       		.uleb128 0x2e
 1064 0149 00       		.byte	0
 1065 014a 3F       		.uleb128 0x3f
 1066 014b 19       		.uleb128 0x19
 1067 014c 3C       		.uleb128 0x3c
 1068 014d 19       		.uleb128 0x19
 1069 014e 6E       		.uleb128 0x6e
 1070 014f 0E       		.uleb128 0xe
 1071 0150 03       		.uleb128 0x3
 1072 0151 0E       		.uleb128 0xe
 1073 0152 00       		.byte	0
 1074 0153 00       		.byte	0
 1075 0154 1B       		.uleb128 0x1b
 1076 0155 2E       		.uleb128 0x2e
 1077 0156 00       		.byte	0
 1078 0157 3F       		.uleb128 0x3f
 1079 0158 19       		.uleb128 0x19
 1080 0159 3C       		.uleb128 0x3c
 1081 015a 19       		.uleb128 0x19
 1082 015b 6E       		.uleb128 0x6e
 1083 015c 0E       		.uleb128 0xe
 1084 015d 03       		.uleb128 0x3
 1085 015e 0E       		.uleb128 0xe
 1086 015f 3A       		.uleb128 0x3a
 1087 0160 0B       		.uleb128 0xb
 1088 0161 3B       		.uleb128 0x3b
 1089 0162 0B       		.uleb128 0xb
 1090 0163 00       		.byte	0
 1091 0164 00       		.byte	0
 1092 0165 00       		.byte	0
 1093              		.section	.debug_loc,"",%progbits
 1094              	.Ldebug_loc0:
 1095              	.LLST0:
 1096 0000 00000000 		.4byte	.LVL0
 1097 0004 09000000 		.4byte	.LVL2-1
 1098 0008 0100     		.2byte	0x1
 1099 000a 50       		.byte	0x50
 1100 000b 09000000 		.4byte	.LVL2-1
 1101 000f 0C000000 		.4byte	.LFE1
 1102 0013 0400     		.2byte	0x4
 1103 0015 F3       		.byte	0xf3
 1104 0016 01       		.uleb128 0x1
 1105 0017 50       		.byte	0x50
 1106 0018 9F       		.byte	0x9f
 1107 0019 00000000 		.4byte	0
 1108 001d 00000000 		.4byte	0
 1109              	.LLST1:
 1110 0021 00000000 		.4byte	.LVL0
 1111 0025 06000000 		.4byte	.LVL1
 1112 0029 0100     		.2byte	0x1
 1113 002b 51       		.byte	0x51
 1114 002c 06000000 		.4byte	.LVL1
 1115 0030 09000000 		.4byte	.LVL2-1
 1116 0034 0100     		.2byte	0x1
 1117 0036 52       		.byte	0x52
 1118 0037 09000000 		.4byte	.LVL2-1
ARM GAS  C:\Users\fskyy\AppData\Local\Temp\cc9FQvmb.s 			page 27


 1119 003b 0C000000 		.4byte	.LFE1
 1120 003f 0400     		.2byte	0x4
 1121 0041 F3       		.byte	0xf3
 1122 0042 01       		.uleb128 0x1
 1123 0043 51       		.byte	0x51
 1124 0044 9F       		.byte	0x9f
 1125 0045 00000000 		.4byte	0
 1126 0049 00000000 		.4byte	0
 1127              	.LLST2:
 1128 004d C0000000 		.4byte	.LVL9
 1129 0051 C4000000 		.4byte	.LVL10
 1130 0055 0200     		.2byte	0x2
 1131 0057 30       		.byte	0x30
 1132 0058 9F       		.byte	0x9f
 1133 0059 C4000000 		.4byte	.LVL10
 1134 005d E2000000 		.4byte	.LVL12
 1135 0061 0100     		.2byte	0x1
 1136 0063 54       		.byte	0x54
 1137 0064 E4000000 		.4byte	.LVL13
 1138 0068 62010000 		.4byte	.LVL16
 1139 006c 0100     		.2byte	0x1
 1140 006e 54       		.byte	0x54
 1141 006f 00000000 		.4byte	0
 1142 0073 00000000 		.4byte	0
 1143              	.LLST3:
 1144 0077 C4000000 		.4byte	.LVL10
 1145 007b E2000000 		.4byte	.LVL12
 1146 007f 0B00     		.2byte	0xb
 1147 0081 74       		.byte	0x74
 1148 0082 00       		.sleb128 0
 1149 0083 36       		.byte	0x36
 1150 0084 1E       		.byte	0x1e
 1151 0085 03       		.byte	0x3
 1152 0086 00000000 		.4byte	cfg_memset_list.4948
 1153 008a 22       		.byte	0x22
 1154 008b 9F       		.byte	0x9f
 1155 008c E2000000 		.4byte	.LVL12
 1156 0090 E4000000 		.4byte	.LVL13
 1157 0094 0B00     		.2byte	0xb
 1158 0096 74       		.byte	0x74
 1159 0097 7F       		.sleb128 -1
 1160 0098 36       		.byte	0x36
 1161 0099 1E       		.byte	0x1e
 1162 009a 03       		.byte	0x3
 1163 009b 00000000 		.4byte	cfg_memset_list.4948
 1164 009f 22       		.byte	0x22
 1165 00a0 9F       		.byte	0x9f
 1166 00a1 00000000 		.4byte	0
 1167 00a5 00000000 		.4byte	0
 1168              		.section	.debug_aranges,"",%progbits
 1169 0000 34000000 		.4byte	0x34
 1170 0004 0200     		.2byte	0x2
 1171 0006 00000000 		.4byte	.Ldebug_info0
 1172 000a 04       		.byte	0x4
 1173 000b 00       		.byte	0
 1174 000c 0000     		.2byte	0
 1175 000e 0000     		.2byte	0
ARM GAS  C:\Users\fskyy\AppData\Local\Temp\cc9FQvmb.s 			page 28


 1176 0010 00000000 		.4byte	.LFB5
 1177 0014 20000000 		.4byte	.LFE5-.LFB5
 1178 0018 00000000 		.4byte	.LFB1
 1179 001c 0C000000 		.4byte	.LFE1-.LFB1
 1180 0020 00000000 		.4byte	.LFB4
 1181 0024 BC000000 		.4byte	.LFE4-.LFB4
 1182 0028 BC000000 		.4byte	.LFB6
 1183 002c F8000000 		.4byte	.LFE6-.LFB6
 1184 0030 00000000 		.4byte	0
 1185 0034 00000000 		.4byte	0
 1186              		.section	.debug_ranges,"",%progbits
 1187              	.Ldebug_ranges0:
 1188 0000 00000000 		.4byte	.LFB5
 1189 0004 20000000 		.4byte	.LFE5
 1190 0008 00000000 		.4byte	.LFB1
 1191 000c 0C000000 		.4byte	.LFE1
 1192 0010 00000000 		.4byte	.LFB4
 1193 0014 BC000000 		.4byte	.LFE4
 1194 0018 BC000000 		.4byte	.LFB6
 1195 001c B4010000 		.4byte	.LFE6
 1196 0020 00000000 		.4byte	0
 1197 0024 00000000 		.4byte	0
 1198              		.section	.debug_line,"",%progbits
 1199              	.Ldebug_line0:
 1200 0000 63010000 		.section	.debug_str,"MS",%progbits,1
 1200      0200E300 
 1200      00000201 
 1200      FB0E0D00 
 1200      01010101 
 1201              	.LASF27:
 1202 0000 43794465 		.ascii	"CyDelayCycles\000"
 1202      6C617943 
 1202      79636C65 
 1202      7300
 1203              	.LASF19:
 1204 000e 72656733 		.ascii	"reg32\000"
 1204      3200
 1205              	.LASF12:
 1206 0014 73697A65 		.ascii	"size_t\000"
 1206      5F7400
 1207              	.LASF35:
 1208 001b 416E616C 		.ascii	"AnalogSetDefault\000"
 1208      6F675365 
 1208      74446566 
 1208      61756C74 
 1208      00
 1209              	.LASF30:
 1210 002c 4379496E 		.ascii	"CyIntSetVector\000"
 1210      74536574 
 1210      56656374 
 1210      6F7200
 1211              	.LASF25:
 1212 003b 6366675F 		.ascii	"cfg_memset_list\000"
 1212      6D656D73 
 1212      65745F6C 
 1212      69737400 
 1213              	.LASF21:
ARM GAS  C:\Users\fskyy\AppData\Local\Temp\cc9FQvmb.s 			page 29


 1214 004b 436C6F63 		.ascii	"ClockSetup\000"
 1214      6B536574 
 1214      757000
 1215              	.LASF6:
 1216 0056 73686F72 		.ascii	"short unsigned int\000"
 1216      7420756E 
 1216      7369676E 
 1216      65642069 
 1216      6E7400
 1217              	.LASF16:
 1218 0069 666C6F61 		.ascii	"float\000"
 1218      7400
 1219              	.LASF23:
 1220 006f 73697A65 		.ascii	"size\000"
 1220      00
 1221              	.LASF18:
 1222 0074 72656738 		.ascii	"reg8\000"
 1222      00
 1223              	.LASF8:
 1224 0079 6C6F6E67 		.ascii	"long unsigned int\000"
 1224      20756E73 
 1224      69676E65 
 1224      6420696E 
 1224      7400
 1225              	.LASF13:
 1226 008b 75696E74 		.ascii	"uint8\000"
 1226      3800
 1227              	.LASF26:
 1228 0091 43795379 		.ascii	"CySysClkWcoStart\000"
 1228      73436C6B 
 1228      57636F53 
 1228      74617274 
 1228      00
 1229              	.LASF20:
 1230 00a2 43594D45 		.ascii	"CYMEMZERO\000"
 1230      4D5A4552 
 1230      4F00
 1231              	.LASF4:
 1232 00ac 756E7369 		.ascii	"unsigned char\000"
 1232      676E6564 
 1232      20636861 
 1232      7200
 1233              	.LASF37:
 1234 00ba 6D656D73 		.ascii	"memset\000"
 1234      657400
 1235              	.LASF17:
 1236 00c1 646F7562 		.ascii	"double\000"
 1236      6C6500
 1237              	.LASF31:
 1238 00c8 4379496E 		.ascii	"CyIntEnable\000"
 1238      74456E61 
 1238      626C6500 
 1239              	.LASF14:
 1240 00d4 75696E74 		.ascii	"uint16\000"
 1240      313600
 1241              	.LASF15:
 1242 00db 75696E74 		.ascii	"uint32\000"
ARM GAS  C:\Users\fskyy\AppData\Local\Temp\cc9FQvmb.s 			page 30


 1242      333200
 1243              	.LASF34:
 1244 00e2 433A5C55 		.ascii	"C:\\Users\\fskyy\\OneDrive\\Documents\\Husky Roboti"
 1244      73657273 
 1244      5C66736B 
 1244      79795C4F 
 1244      6E654472 
 1245 0110 63735C43 		.ascii	"cs\\Chassis_Power_Distro\\ChassisPowerDistro.cydsn\000"
 1245      68617373 
 1245      69735F50 
 1245      6F776572 
 1245      5F446973 
 1246              	.LASF0:
 1247 0141 756E7369 		.ascii	"unsigned int\000"
 1247      676E6564 
 1247      20696E74 
 1247      00
 1248              	.LASF36:
 1249 014e 63796669 		.ascii	"cyfitter_cfg\000"
 1249      74746572 
 1249      5F636667 
 1249      00
 1250              	.LASF22:
 1251 015b 61646472 		.ascii	"address\000"
 1251      65737300 
 1252              	.LASF9:
 1253 0163 6C6F6E67 		.ascii	"long long unsigned int\000"
 1253      206C6F6E 
 1253      6720756E 
 1253      7369676E 
 1253      65642069 
 1254              	.LASF32:
 1255 017a 474E5520 		.ascii	"GNU C11 5.4.1 20160609 (release) [ARM/embedded-5-br"
 1255      43313120 
 1255      352E342E 
 1255      31203230 
 1255      31363036 
 1256 01ad 616E6368 		.ascii	"anch revision 237715] -mcpu=cortex-m0 -mthumb -g -O"
 1256      20726576 
 1256      6973696F 
 1256      6E203233 
 1256      37373135 
 1257 01e0 67202D66 		.ascii	"g -ffunction-sections -ffat-lto-objects\000"
 1257      66756E63 
 1257      74696F6E 
 1257      2D736563 
 1257      74696F6E 
 1258              	.LASF24:
 1259 0208 6366675F 		.ascii	"cfg_memset_t\000"
 1259      6D656D73 
 1259      65745F74 
 1259      00
 1260              	.LASF10:
 1261 0215 73697A65 		.ascii	"sizetype\000"
 1261      74797065 
 1261      00
 1262              	.LASF1:
ARM GAS  C:\Users\fskyy\AppData\Local\Temp\cc9FQvmb.s 			page 31


 1263 021e 6C6F6E67 		.ascii	"long long int\000"
 1263      206C6F6E 
 1263      6720696E 
 1263      7400
 1264              	.LASF11:
 1265 022c 63686172 		.ascii	"char\000"
 1265      00
 1266              	.LASF5:
 1267 0231 73686F72 		.ascii	"short int\000"
 1267      7420696E 
 1267      7400
 1268              	.LASF28:
 1269 023b 43795379 		.ascii	"CySysClkWriteImoFreq\000"
 1269      73436C6B 
 1269      57726974 
 1269      65496D6F 
 1269      46726571 
 1270              	.LASF29:
 1271 0250 43795379 		.ascii	"CySysClkImoEnableWcoLock\000"
 1271      73436C6B 
 1271      496D6F45 
 1271      6E61626C 
 1271      6557636F 
 1272              	.LASF7:
 1273 0269 6C6F6E67 		.ascii	"long int\000"
 1273      20696E74 
 1273      00
 1274              	.LASF2:
 1275 0272 6C6F6E67 		.ascii	"long double\000"
 1275      20646F75 
 1275      626C6500 
 1276              	.LASF3:
 1277 027e 7369676E 		.ascii	"signed char\000"
 1277      65642063 
 1277      68617200 
 1278              	.LASF33:
 1279 028a 47656E65 		.ascii	"Generated_Source\\PSoC4\\cyfitter_cfg.c\000"
 1279      72617465 
 1279      645F536F 
 1279      75726365 
 1279      5C50536F 
 1280              		.ident	"GCC: (GNU Tools for ARM Embedded Processors) 5.4.1 20160609 (release) [ARM/embedded-5-bran
