ARM GAS  C:\Users\fskyy\AppData\Local\Temp\ccRSmKTT.s 			page 1


   1              		.syntax unified
   2              		.cpu cortex-m0
   3              		.fpu softvfp
   4              		.eabi_attribute 20, 1
   5              		.eabi_attribute 21, 1
   6              		.eabi_attribute 23, 3
   7              		.eabi_attribute 24, 1
   8              		.eabi_attribute 25, 1
   9              		.eabi_attribute 26, 1
  10              		.eabi_attribute 30, 1
  11              		.eabi_attribute 34, 0
  12              		.eabi_attribute 18, 4
  13              		.thumb
  14              		.syntax unified
  15              		.file	"getState.c"
  16              		.text
  17              	.Ltext0:
  18              		.cfi_sections	.debug_frame
  19              		.section	.text.getState,"ax",%progbits
  20              		.align	2
  21              		.global	getState
  22              		.code	16
  23              		.thumb_func
  24              		.type	getState, %function
  25              	getState:
  26              	.LFB34:
  27              		.file 1 "getState.c"
   1:getState.c    **** /* ========================================
   2:getState.c    ****  *
   3:getState.c    ****  * Copyright YOUR COMPANY, THE YEAR
   4:getState.c    ****  * All Rights Reserved
   5:getState.c    ****  * UNPUBLISHED, LICENSED SOFTWARE.
   6:getState.c    ****  *
   7:getState.c    ****  * CONFIDENTIAL AND PROPRIETARY INFORMATION
   8:getState.c    ****  * WHICH IS THE PROPERTY OF your company.
   9:getState.c    ****  *
  10:getState.c    ****  * ========================================
  11:getState.c    **** */
  12:getState.c    **** 
  13:getState.c    **** /* [] END OF FILE */
  14:getState.c    **** #include "FSM.h"
  15:getState.c    **** #include "Port.h"
  16:getState.c    **** #include "project.h"
  17:getState.c    **** 
  18:getState.c    **** uint8_t boardState = UINIT;
  19:getState.c    **** 
  20:getState.c    **** /*
  21:getState.c    ****     Determines the current state of the board in the FSM used for periodic checking of current
  22:getState.c    ****     and battery life values
  23:getState.c    ****     
  24:getState.c    ****     Input/s: N/A
  25:getState.c    ****     Output/s: 
  26:getState.c    ****         - boardState: State of board
  27:getState.c    **** */
  28:getState.c    **** uint8_t getState(){
  28              		.loc 1 28 0
  29              		.cfi_startproc
ARM GAS  C:\Users\fskyy\AppData\Local\Temp\ccRSmKTT.s 			page 2


  30              		@ args = 0, pretend = 0, frame = 0
  31              		@ frame_needed = 0, uses_anonymous_args = 0
  32              		@ link register save eliminated.
  29:getState.c    ****     return boardState;   
  33              		.loc 1 29 0
  34 0000 014B     		ldr	r3, .L2
  35 0002 1878     		ldrb	r0, [r3]
  30:getState.c    **** }
  36              		.loc 1 30 0
  37              		@ sp needed
  38 0004 7047     		bx	lr
  39              	.L3:
  40 0006 C046     		.align	2
  41              	.L2:
  42 0008 00000000 		.word	.LANCHOR0
  43              		.cfi_endproc
  44              	.LFE34:
  45              		.size	getState, .-getState
  46              		.section	.text.setState,"ax",%progbits
  47              		.align	2
  48              		.global	setState
  49              		.code	16
  50              		.thumb_func
  51              		.type	setState, %function
  52              	setState:
  53              	.LFB35:
  31:getState.c    **** 
  32:getState.c    **** /*
  33:getState.c    ****     Sets the state of the board to the newState provided, 
  34:getState.c    ****     
  35:getState.c    ****     Input/s:
  36:getState.c    ****         - newState: Desired state for board
  37:getState.c    ****     Output/s: N/A
  38:getState.c    **** */
  39:getState.c    **** void setState(uint8_t newState){
  54              		.loc 1 39 0
  55              		.cfi_startproc
  56              		@ args = 0, pretend = 0, frame = 0
  57              		@ frame_needed = 0, uses_anonymous_args = 0
  58              		@ link register save eliminated.
  59              	.LVL0:
  40:getState.c    ****     boardState = newState;
  60              		.loc 1 40 0
  61 0000 014B     		ldr	r3, .L5
  62 0002 1870     		strb	r0, [r3]
  41:getState.c    **** }
  63              		.loc 1 41 0
  64              		@ sp needed
  65 0004 7047     		bx	lr
  66              	.L6:
  67 0006 C046     		.align	2
  68              	.L5:
  69 0008 00000000 		.word	.LANCHOR0
  70              		.cfi_endproc
  71              	.LFE35:
  72              		.size	setState, .-setState
  73              		.section	.text.boardReset,"ax",%progbits
ARM GAS  C:\Users\fskyy\AppData\Local\Temp\ccRSmKTT.s 			page 3


  74              		.align	2
  75              		.global	boardReset
  76              		.code	16
  77              		.thumb_func
  78              		.type	boardReset, %function
  79              	boardReset:
  80              	.LFB36:
  42:getState.c    **** 
  43:getState.c    **** void boardReset(){
  81              		.loc 1 43 0
  82              		.cfi_startproc
  83              		@ args = 0, pretend = 0, frame = 0
  84              		@ frame_needed = 0, uses_anonymous_args = 0
  85              		@ link register save eliminated.
  44:getState.c    ****     //TODO: Determine what reset behavior would look like   
  45:getState.c    **** }...
  86              		.loc 1 45 0
  87              		@ sp needed
  88 0000 7047     		bx	lr
  89              		.cfi_endproc
  90              	.LFE36:
  91              		.size	boardReset, .-boardReset
  92              		.global	boardState
  93 0002 C046     		.data
  94              		.set	.LANCHOR0,. + 0
  95              		.type	boardState, %object
  96              		.size	boardState, 1
  97              	boardState:
  98 0000 FF       		.byte	-1
  99              		.text
 100              	.Letext0:
 101              		.file 2 "c:\\program files (x86)\\cypress\\psoc creator\\4.4\\psoc creator\\import\\gnu\\arm\\5.4.
 102              		.file 3 "c:\\program files (x86)\\cypress\\psoc creator\\4.4\\psoc creator\\import\\gnu\\arm\\5.4.
 103              		.section	.debug_info,"",%progbits
 104              	.Ldebug_info0:
 105 0000 FB000000 		.4byte	0xfb
 106 0004 0400     		.2byte	0x4
 107 0006 00000000 		.4byte	.Ldebug_abbrev0
 108 000a 04       		.byte	0x4
 109 000b 01       		.uleb128 0x1
 110 000c 02010000 		.4byte	.LASF16
 111 0010 0C       		.byte	0xc
 112 0011 9D000000 		.4byte	.LASF17
 113 0015 00000000 		.4byte	.LASF18
 114 0019 00000000 		.4byte	.Ldebug_ranges0+0
 115 001d 00000000 		.4byte	0
 116 0021 00000000 		.4byte	.Ldebug_line0
 117 0025 02       		.uleb128 0x2
 118 0026 01       		.byte	0x1
 119 0027 06       		.byte	0x6
 120 0028 A3010000 		.4byte	.LASF0
 121 002c 03       		.uleb128 0x3
 122 002d BF000000 		.4byte	.LASF9
 123 0031 02       		.byte	0x2
 124 0032 1D       		.byte	0x1d
 125 0033 37000000 		.4byte	0x37
 126 0037 02       		.uleb128 0x2
ARM GAS  C:\Users\fskyy\AppData\Local\Temp\ccRSmKTT.s 			page 4


 127 0038 01       		.byte	0x1
 128 0039 08       		.byte	0x8
 129 003a D1000000 		.4byte	.LASF1
 130 003e 02       		.uleb128 0x2
 131 003f 02       		.byte	0x2
 132 0040 05       		.byte	0x5
 133 0041 D3010000 		.4byte	.LASF2
 134 0045 02       		.uleb128 0x2
 135 0046 02       		.byte	0x2
 136 0047 07       		.byte	0x7
 137 0048 90010000 		.4byte	.LASF3
 138 004c 02       		.uleb128 0x2
 139 004d 04       		.byte	0x4
 140 004e 05       		.byte	0x5
 141 004f E4000000 		.4byte	.LASF4
 142 0053 02       		.uleb128 0x2
 143 0054 04       		.byte	0x4
 144 0055 07       		.byte	0x7
 145 0056 8B000000 		.4byte	.LASF5
 146 005a 02       		.uleb128 0x2
 147 005b 08       		.byte	0x8
 148 005c 05       		.byte	0x5
 149 005d F4000000 		.4byte	.LASF6
 150 0061 02       		.uleb128 0x2
 151 0062 08       		.byte	0x8
 152 0063 07       		.byte	0x7
 153 0064 A8000000 		.4byte	.LASF7
 154 0068 04       		.uleb128 0x4
 155 0069 04       		.byte	0x4
 156 006a 05       		.byte	0x5
 157 006b 696E7400 		.ascii	"int\000"
 158 006f 02       		.uleb128 0x2
 159 0070 04       		.byte	0x4
 160 0071 07       		.byte	0x7
 161 0072 5F000000 		.4byte	.LASF8
 162 0076 03       		.uleb128 0x3
 163 0077 C9000000 		.4byte	.LASF10
 164 007b 03       		.byte	0x3
 165 007c 18       		.byte	0x18
 166 007d 2C000000 		.4byte	0x2c
 167 0081 02       		.uleb128 0x2
 168 0082 04       		.byte	0x4
 169 0083 07       		.byte	0x7
 170 0084 DD010000 		.4byte	.LASF11
 171 0088 02       		.uleb128 0x2
 172 0089 04       		.byte	0x4
 173 008a 04       		.byte	0x4
 174 008b C4010000 		.4byte	.LASF12
 175 008f 02       		.uleb128 0x2
 176 0090 08       		.byte	0x8
 177 0091 04       		.byte	0x4
 178 0092 ED000000 		.4byte	.LASF13
 179 0096 02       		.uleb128 0x2
 180 0097 01       		.byte	0x1
 181 0098 08       		.byte	0x8
 182 0099 DF000000 		.4byte	.LASF14
 183 009d 02       		.uleb128 0x2
ARM GAS  C:\Users\fskyy\AppData\Local\Temp\ccRSmKTT.s 			page 5


 184 009e 08       		.byte	0x8
 185 009f 04       		.byte	0x4
 186 00a0 AF010000 		.4byte	.LASF15
 187 00a4 05       		.uleb128 0x5
 188 00a5 BB010000 		.4byte	.LASF19
 189 00a9 01       		.byte	0x1
 190 00aa 1C       		.byte	0x1c
 191 00ab 76000000 		.4byte	0x76
 192 00af 00000000 		.4byte	.LFB34
 193 00b3 0C000000 		.4byte	.LFE34-.LFB34
 194 00b7 01       		.uleb128 0x1
 195 00b8 9C       		.byte	0x9c
 196 00b9 06       		.uleb128 0x6
 197 00ba CA010000 		.4byte	.LASF20
 198 00be 01       		.byte	0x1
 199 00bf 27       		.byte	0x27
 200 00c0 00000000 		.4byte	.LFB35
 201 00c4 0C000000 		.4byte	.LFE35-.LFB35
 202 00c8 01       		.uleb128 0x1
 203 00c9 9C       		.byte	0x9c
 204 00ca DC000000 		.4byte	0xdc
 205 00ce 07       		.uleb128 0x7
 206 00cf 6C000000 		.4byte	.LASF21
 207 00d3 01       		.byte	0x1
 208 00d4 27       		.byte	0x27
 209 00d5 76000000 		.4byte	0x76
 210 00d9 01       		.uleb128 0x1
 211 00da 50       		.byte	0x50
 212 00db 00       		.byte	0
 213 00dc 08       		.uleb128 0x8
 214 00dd 80000000 		.4byte	.LASF22
 215 00e1 01       		.byte	0x1
 216 00e2 2B       		.byte	0x2b
 217 00e3 00000000 		.4byte	.LFB36
 218 00e7 02000000 		.4byte	.LFE36-.LFB36
 219 00eb 01       		.uleb128 0x1
 220 00ec 9C       		.byte	0x9c
 221 00ed 09       		.uleb128 0x9
 222 00ee 75000000 		.4byte	.LASF23
 223 00f2 01       		.byte	0x1
 224 00f3 12       		.byte	0x12
 225 00f4 76000000 		.4byte	0x76
 226 00f8 05       		.uleb128 0x5
 227 00f9 03       		.byte	0x3
 228 00fa 00000000 		.4byte	boardState
 229 00fe 00       		.byte	0
 230              		.section	.debug_abbrev,"",%progbits
 231              	.Ldebug_abbrev0:
 232 0000 01       		.uleb128 0x1
 233 0001 11       		.uleb128 0x11
 234 0002 01       		.byte	0x1
 235 0003 25       		.uleb128 0x25
 236 0004 0E       		.uleb128 0xe
 237 0005 13       		.uleb128 0x13
 238 0006 0B       		.uleb128 0xb
 239 0007 03       		.uleb128 0x3
 240 0008 0E       		.uleb128 0xe
ARM GAS  C:\Users\fskyy\AppData\Local\Temp\ccRSmKTT.s 			page 6


 241 0009 1B       		.uleb128 0x1b
 242 000a 0E       		.uleb128 0xe
 243 000b 55       		.uleb128 0x55
 244 000c 17       		.uleb128 0x17
 245 000d 11       		.uleb128 0x11
 246 000e 01       		.uleb128 0x1
 247 000f 10       		.uleb128 0x10
 248 0010 17       		.uleb128 0x17
 249 0011 00       		.byte	0
 250 0012 00       		.byte	0
 251 0013 02       		.uleb128 0x2
 252 0014 24       		.uleb128 0x24
 253 0015 00       		.byte	0
 254 0016 0B       		.uleb128 0xb
 255 0017 0B       		.uleb128 0xb
 256 0018 3E       		.uleb128 0x3e
 257 0019 0B       		.uleb128 0xb
 258 001a 03       		.uleb128 0x3
 259 001b 0E       		.uleb128 0xe
 260 001c 00       		.byte	0
 261 001d 00       		.byte	0
 262 001e 03       		.uleb128 0x3
 263 001f 16       		.uleb128 0x16
 264 0020 00       		.byte	0
 265 0021 03       		.uleb128 0x3
 266 0022 0E       		.uleb128 0xe
 267 0023 3A       		.uleb128 0x3a
 268 0024 0B       		.uleb128 0xb
 269 0025 3B       		.uleb128 0x3b
 270 0026 0B       		.uleb128 0xb
 271 0027 49       		.uleb128 0x49
 272 0028 13       		.uleb128 0x13
 273 0029 00       		.byte	0
 274 002a 00       		.byte	0
 275 002b 04       		.uleb128 0x4
 276 002c 24       		.uleb128 0x24
 277 002d 00       		.byte	0
 278 002e 0B       		.uleb128 0xb
 279 002f 0B       		.uleb128 0xb
 280 0030 3E       		.uleb128 0x3e
 281 0031 0B       		.uleb128 0xb
 282 0032 03       		.uleb128 0x3
 283 0033 08       		.uleb128 0x8
 284 0034 00       		.byte	0
 285 0035 00       		.byte	0
 286 0036 05       		.uleb128 0x5
 287 0037 2E       		.uleb128 0x2e
 288 0038 00       		.byte	0
 289 0039 3F       		.uleb128 0x3f
 290 003a 19       		.uleb128 0x19
 291 003b 03       		.uleb128 0x3
 292 003c 0E       		.uleb128 0xe
 293 003d 3A       		.uleb128 0x3a
 294 003e 0B       		.uleb128 0xb
 295 003f 3B       		.uleb128 0x3b
 296 0040 0B       		.uleb128 0xb
 297 0041 49       		.uleb128 0x49
ARM GAS  C:\Users\fskyy\AppData\Local\Temp\ccRSmKTT.s 			page 7


 298 0042 13       		.uleb128 0x13
 299 0043 11       		.uleb128 0x11
 300 0044 01       		.uleb128 0x1
 301 0045 12       		.uleb128 0x12
 302 0046 06       		.uleb128 0x6
 303 0047 40       		.uleb128 0x40
 304 0048 18       		.uleb128 0x18
 305 0049 9742     		.uleb128 0x2117
 306 004b 19       		.uleb128 0x19
 307 004c 00       		.byte	0
 308 004d 00       		.byte	0
 309 004e 06       		.uleb128 0x6
 310 004f 2E       		.uleb128 0x2e
 311 0050 01       		.byte	0x1
 312 0051 3F       		.uleb128 0x3f
 313 0052 19       		.uleb128 0x19
 314 0053 03       		.uleb128 0x3
 315 0054 0E       		.uleb128 0xe
 316 0055 3A       		.uleb128 0x3a
 317 0056 0B       		.uleb128 0xb
 318 0057 3B       		.uleb128 0x3b
 319 0058 0B       		.uleb128 0xb
 320 0059 27       		.uleb128 0x27
 321 005a 19       		.uleb128 0x19
 322 005b 11       		.uleb128 0x11
 323 005c 01       		.uleb128 0x1
 324 005d 12       		.uleb128 0x12
 325 005e 06       		.uleb128 0x6
 326 005f 40       		.uleb128 0x40
 327 0060 18       		.uleb128 0x18
 328 0061 9742     		.uleb128 0x2117
 329 0063 19       		.uleb128 0x19
 330 0064 01       		.uleb128 0x1
 331 0065 13       		.uleb128 0x13
 332 0066 00       		.byte	0
 333 0067 00       		.byte	0
 334 0068 07       		.uleb128 0x7
 335 0069 05       		.uleb128 0x5
 336 006a 00       		.byte	0
 337 006b 03       		.uleb128 0x3
 338 006c 0E       		.uleb128 0xe
 339 006d 3A       		.uleb128 0x3a
 340 006e 0B       		.uleb128 0xb
 341 006f 3B       		.uleb128 0x3b
 342 0070 0B       		.uleb128 0xb
 343 0071 49       		.uleb128 0x49
 344 0072 13       		.uleb128 0x13
 345 0073 02       		.uleb128 0x2
 346 0074 18       		.uleb128 0x18
 347 0075 00       		.byte	0
 348 0076 00       		.byte	0
 349 0077 08       		.uleb128 0x8
 350 0078 2E       		.uleb128 0x2e
 351 0079 00       		.byte	0
 352 007a 3F       		.uleb128 0x3f
 353 007b 19       		.uleb128 0x19
 354 007c 03       		.uleb128 0x3
ARM GAS  C:\Users\fskyy\AppData\Local\Temp\ccRSmKTT.s 			page 8


 355 007d 0E       		.uleb128 0xe
 356 007e 3A       		.uleb128 0x3a
 357 007f 0B       		.uleb128 0xb
 358 0080 3B       		.uleb128 0x3b
 359 0081 0B       		.uleb128 0xb
 360 0082 11       		.uleb128 0x11
 361 0083 01       		.uleb128 0x1
 362 0084 12       		.uleb128 0x12
 363 0085 06       		.uleb128 0x6
 364 0086 40       		.uleb128 0x40
 365 0087 18       		.uleb128 0x18
 366 0088 9742     		.uleb128 0x2117
 367 008a 19       		.uleb128 0x19
 368 008b 00       		.byte	0
 369 008c 00       		.byte	0
 370 008d 09       		.uleb128 0x9
 371 008e 34       		.uleb128 0x34
 372 008f 00       		.byte	0
 373 0090 03       		.uleb128 0x3
 374 0091 0E       		.uleb128 0xe
 375 0092 3A       		.uleb128 0x3a
 376 0093 0B       		.uleb128 0xb
 377 0094 3B       		.uleb128 0x3b
 378 0095 0B       		.uleb128 0xb
 379 0096 49       		.uleb128 0x49
 380 0097 13       		.uleb128 0x13
 381 0098 3F       		.uleb128 0x3f
 382 0099 19       		.uleb128 0x19
 383 009a 02       		.uleb128 0x2
 384 009b 18       		.uleb128 0x18
 385 009c 00       		.byte	0
 386 009d 00       		.byte	0
 387 009e 00       		.byte	0
 388              		.section	.debug_aranges,"",%progbits
 389 0000 2C000000 		.4byte	0x2c
 390 0004 0200     		.2byte	0x2
 391 0006 00000000 		.4byte	.Ldebug_info0
 392 000a 04       		.byte	0x4
 393 000b 00       		.byte	0
 394 000c 0000     		.2byte	0
 395 000e 0000     		.2byte	0
 396 0010 00000000 		.4byte	.LFB34
 397 0014 0C000000 		.4byte	.LFE34-.LFB34
 398 0018 00000000 		.4byte	.LFB35
 399 001c 0C000000 		.4byte	.LFE35-.LFB35
 400 0020 00000000 		.4byte	.LFB36
 401 0024 02000000 		.4byte	.LFE36-.LFB36
 402 0028 00000000 		.4byte	0
 403 002c 00000000 		.4byte	0
 404              		.section	.debug_ranges,"",%progbits
 405              	.Ldebug_ranges0:
 406 0000 00000000 		.4byte	.LFB34
 407 0004 0C000000 		.4byte	.LFE34
 408 0008 00000000 		.4byte	.LFB35
 409 000c 0C000000 		.4byte	.LFE35
 410 0010 00000000 		.4byte	.LFB36
 411 0014 02000000 		.4byte	.LFE36
ARM GAS  C:\Users\fskyy\AppData\Local\Temp\ccRSmKTT.s 			page 9


 412 0018 00000000 		.4byte	0
 413 001c 00000000 		.4byte	0
 414              		.section	.debug_line,"",%progbits
 415              	.Ldebug_line0:
 416 0000 56010000 		.section	.debug_str,"MS",%progbits,1
 416      02001E01 
 416      00000201 
 416      FB0E0D00 
 416      01010101 
 417              	.LASF18:
 418 0000 433A5C55 		.ascii	"C:\\Users\\fskyy\\OneDrive\\Documents\\Husky Roboti"
 418      73657273 
 418      5C66736B 
 418      79795C4F 
 418      6E654472 
 419 002e 63735C43 		.ascii	"cs\\Chassis_Power_Distro\\ChassisPowerDistro.cydsn\000"
 419      68617373 
 419      69735F50 
 419      6F776572 
 419      5F446973 
 420              	.LASF8:
 421 005f 756E7369 		.ascii	"unsigned int\000"
 421      676E6564 
 421      20696E74 
 421      00
 422              	.LASF21:
 423 006c 6E657753 		.ascii	"newState\000"
 423      74617465 
 423      00
 424              	.LASF23:
 425 0075 626F6172 		.ascii	"boardState\000"
 425      64537461 
 425      746500
 426              	.LASF22:
 427 0080 626F6172 		.ascii	"boardReset\000"
 427      64526573 
 427      657400
 428              	.LASF5:
 429 008b 6C6F6E67 		.ascii	"long unsigned int\000"
 429      20756E73 
 429      69676E65 
 429      6420696E 
 429      7400
 430              	.LASF17:
 431 009d 67657453 		.ascii	"getState.c\000"
 431      74617465 
 431      2E6300
 432              	.LASF7:
 433 00a8 6C6F6E67 		.ascii	"long long unsigned int\000"
 433      206C6F6E 
 433      6720756E 
 433      7369676E 
 433      65642069 
 434              	.LASF9:
 435 00bf 5F5F7569 		.ascii	"__uint8_t\000"
 435      6E74385F 
 435      7400
ARM GAS  C:\Users\fskyy\AppData\Local\Temp\ccRSmKTT.s 			page 10


 436              	.LASF10:
 437 00c9 75696E74 		.ascii	"uint8_t\000"
 437      385F7400 
 438              	.LASF1:
 439 00d1 756E7369 		.ascii	"unsigned char\000"
 439      676E6564 
 439      20636861 
 439      7200
 440              	.LASF14:
 441 00df 63686172 		.ascii	"char\000"
 441      00
 442              	.LASF4:
 443 00e4 6C6F6E67 		.ascii	"long int\000"
 443      20696E74 
 443      00
 444              	.LASF13:
 445 00ed 646F7562 		.ascii	"double\000"
 445      6C6500
 446              	.LASF6:
 447 00f4 6C6F6E67 		.ascii	"long long int\000"
 447      206C6F6E 
 447      6720696E 
 447      7400
 448              	.LASF16:
 449 0102 474E5520 		.ascii	"GNU C11 5.4.1 20160609 (release) [ARM/embedded-5-br"
 449      43313120 
 449      352E342E 
 449      31203230 
 449      31363036 
 450 0135 616E6368 		.ascii	"anch revision 237715] -mcpu=cortex-m0 -mthumb -g -O"
 450      20726576 
 450      6973696F 
 450      6E203233 
 450      37373135 
 451 0168 67202D66 		.ascii	"g -ffunction-sections -ffat-lto-objects\000"
 451      66756E63 
 451      74696F6E 
 451      2D736563 
 451      74696F6E 
 452              	.LASF3:
 453 0190 73686F72 		.ascii	"short unsigned int\000"
 453      7420756E 
 453      7369676E 
 453      65642069 
 453      6E7400
 454              	.LASF0:
 455 01a3 7369676E 		.ascii	"signed char\000"
 455      65642063 
 455      68617200 
 456              	.LASF15:
 457 01af 6C6F6E67 		.ascii	"long double\000"
 457      20646F75 
 457      626C6500 
 458              	.LASF19:
 459 01bb 67657453 		.ascii	"getState\000"
 459      74617465 
 459      00
ARM GAS  C:\Users\fskyy\AppData\Local\Temp\ccRSmKTT.s 			page 11


 460              	.LASF12:
 461 01c4 666C6F61 		.ascii	"float\000"
 461      7400
 462              	.LASF20:
 463 01ca 73657453 		.ascii	"setState\000"
 463      74617465 
 463      00
 464              	.LASF2:
 465 01d3 73686F72 		.ascii	"short int\000"
 465      7420696E 
 465      7400
 466              	.LASF11:
 467 01dd 73697A65 		.ascii	"sizetype\000"
 467      74797065 
 467      00
 468              		.ident	"GCC: (GNU Tools for ARM Embedded Processors) 5.4.1 20160609 (release) [ARM/embedded-5-bran
