ARM GAS  C:\Users\fskyy\AppData\Local\Temp\ccUFfzre.s 			page 1


   1              		.syntax unified
   2              		.cpu cortex-m0
   3              		.fpu softvfp
   4              		.eabi_attribute 20, 1
   5              		.eabi_attribute 21, 1
   6              		.eabi_attribute 23, 3
   7              		.eabi_attribute 24, 1
   8              		.eabi_attribute 25, 1
   9              		.eabi_attribute 26, 1
  10              		.eabi_attribute 30, 1
  11              		.eabi_attribute 34, 0
  12              		.eabi_attribute 18, 4
  13              		.thumb
  14              		.syntax unified
  15              		.file	"main.c"
  16              		.text
  17              	.Ltext0:
  18              		.cfi_sections	.debug_frame
  19              		.section	.text.main,"ax",%progbits
  20              		.align	2
  21              		.global	main
  22              		.code	16
  23              		.thumb_func
  24              		.type	main, %function
  25              	main:
  26              	.LFB34:
  27              		.file 1 "main.c"
   1:main.c        **** /* ========================================
   2:main.c        ****  *
   3:main.c        ****  * Copyright YOUR COMPANY, THE YEAR
   4:main.c        ****  * All Rights Reserved
   5:main.c        ****  * UNPUBLISHED, LICENSED SOFTWARE.
   6:main.c        ****  *
   7:main.c        ****  * CONFIDENTIAL AND PROPRIETARY INFORMATION
   8:main.c        ****  * WHICH IS THE PROPERTY OF your company.
   9:main.c        ****  *
  10:main.c        ****  * ========================================
  11:main.c        **** */
  12:main.c        **** #include "project.h"
  13:main.c        **** #include "CANLibrary.h"
  14:main.c        **** 
  15:main.c        **** #define Print(message) DBG_UART_UartPutString(message)
  16:main.c        **** 
  17:main.c        **** int main(void)
  18:main.c        **** {
  28              		.loc 1 18 0
  29              		.cfi_startproc
  30              		@ Volatile: function does not return.
  31              		@ args = 0, pretend = 0, frame = 0
  32              		@ frame_needed = 0, uses_anonymous_args = 0
  33              		@ link register save eliminated.
  19:main.c        ****     CyGlobalIntEnable; /* Enable global interrupts. */
  34              		.loc 1 19 0
  35              		.syntax divided
  36              	@ 19 "main.c" 1
  37 0000 62B6     		CPSIE   i
  38              	@ 0 "" 2
ARM GAS  C:\Users\fskyy\AppData\Local\Temp\ccUFfzre.s 			page 2


  39              		.thumb
  40              		.syntax unified
  41              	.L2:
  42 0002 FEE7     		b	.L2
  43              		.cfi_endproc
  44              	.LFE34:
  45              		.size	main, .-main
  46              		.text
  47              	.Letext0:
  48              		.file 2 "c:\\program files (x86)\\cypress\\psoc creator\\4.4\\psoc creator\\import\\gnu\\arm\\5.4.
  49              		.file 3 "c:\\program files (x86)\\cypress\\psoc creator\\4.4\\psoc creator\\import\\gnu\\arm\\5.4.
  50              		.file 4 "..\\..\\..\\PSoC Creator\\ChassisDistroProject\\HindsightCAN-master/CANPacket.h"
  51              		.section	.debug_info,"",%progbits
  52              	.Ldebug_info0:
  53 0000 2A010000 		.4byte	0x12a
  54 0004 0400     		.2byte	0x4
  55 0006 00000000 		.4byte	.Ldebug_abbrev0
  56 000a 04       		.byte	0x4
  57 000b 01       		.uleb128 0x1
  58 000c 11010000 		.4byte	.LASF22
  59 0010 0C       		.byte	0xc
  60 0011 7F000000 		.4byte	.LASF23
  61 0015 00000000 		.4byte	.LASF24
  62 0019 00000000 		.4byte	.Ldebug_ranges0+0
  63 001d 00000000 		.4byte	0
  64 0021 00000000 		.4byte	.Ldebug_line0
  65 0025 02       		.uleb128 0x2
  66 0026 01       		.byte	0x1
  67 0027 06       		.byte	0x6
  68 0028 A7010000 		.4byte	.LASF0
  69 002c 03       		.uleb128 0x3
  70 002d DA000000 		.4byte	.LASF3
  71 0031 02       		.byte	0x2
  72 0032 1D       		.byte	0x1d
  73 0033 37000000 		.4byte	0x37
  74 0037 02       		.uleb128 0x2
  75 0038 01       		.byte	0x1
  76 0039 08       		.byte	0x8
  77 003a CC000000 		.4byte	.LASF1
  78 003e 02       		.uleb128 0x2
  79 003f 02       		.byte	0x2
  80 0040 05       		.byte	0x5
  81 0041 D7010000 		.4byte	.LASF2
  82 0045 03       		.uleb128 0x3
  83 0046 B9000000 		.4byte	.LASF4
  84 004a 02       		.byte	0x2
  85 004b 2B       		.byte	0x2b
  86 004c 50000000 		.4byte	0x50
  87 0050 02       		.uleb128 0x2
  88 0051 02       		.byte	0x2
  89 0052 07       		.byte	0x7
  90 0053 5F000000 		.4byte	.LASF5
  91 0057 02       		.uleb128 0x2
  92 0058 04       		.byte	0x4
  93 0059 05       		.byte	0x5
  94 005a CE010000 		.4byte	.LASF6
  95 005e 02       		.uleb128 0x2
ARM GAS  C:\Users\fskyy\AppData\Local\Temp\ccUFfzre.s 			page 3


  96 005f 04       		.byte	0x4
  97 0060 07       		.byte	0x7
  98 0061 8B000000 		.4byte	.LASF7
  99 0065 02       		.uleb128 0x2
 100 0066 08       		.byte	0x8
 101 0067 05       		.byte	0x5
 102 0068 03010000 		.4byte	.LASF8
 103 006c 02       		.uleb128 0x2
 104 006d 08       		.byte	0x8
 105 006e 07       		.byte	0x7
 106 006f 9D000000 		.4byte	.LASF9
 107 0073 04       		.uleb128 0x4
 108 0074 04       		.byte	0x4
 109 0075 05       		.byte	0x5
 110 0076 696E7400 		.ascii	"int\000"
 111 007a 02       		.uleb128 0x2
 112 007b 04       		.byte	0x4
 113 007c 07       		.byte	0x7
 114 007d 72000000 		.4byte	.LASF10
 115 0081 03       		.uleb128 0x3
 116 0082 C4000000 		.4byte	.LASF11
 117 0086 03       		.byte	0x3
 118 0087 18       		.byte	0x18
 119 0088 2C000000 		.4byte	0x2c
 120 008c 03       		.uleb128 0x3
 121 008d BF010000 		.4byte	.LASF12
 122 0091 03       		.byte	0x3
 123 0092 24       		.byte	0x24
 124 0093 45000000 		.4byte	0x45
 125 0097 02       		.uleb128 0x2
 126 0098 04       		.byte	0x4
 127 0099 04       		.byte	0x4
 128 009a C8010000 		.4byte	.LASF13
 129 009e 02       		.uleb128 0x2
 130 009f 08       		.byte	0x8
 131 00a0 04       		.byte	0x4
 132 00a1 FC000000 		.4byte	.LASF14
 133 00a5 02       		.uleb128 0x2
 134 00a6 01       		.byte	0x1
 135 00a7 08       		.byte	0x8
 136 00a8 E1010000 		.4byte	.LASF15
 137 00ac 02       		.uleb128 0x2
 138 00ad 08       		.byte	0x8
 139 00ae 04       		.byte	0x4
 140 00af B3010000 		.4byte	.LASF16
 141 00b3 02       		.uleb128 0x2
 142 00b4 04       		.byte	0x4
 143 00b5 07       		.byte	0x7
 144 00b6 E9000000 		.4byte	.LASF17
 145 00ba 05       		.uleb128 0x5
 146 00bb 0C       		.byte	0xc
 147 00bc 04       		.byte	0x4
 148 00bd 0F       		.byte	0xf
 149 00be E6000000 		.4byte	0xe6
 150 00c2 06       		.uleb128 0x6
 151 00c3 696400   		.ascii	"id\000"
 152 00c6 04       		.byte	0x4
ARM GAS  C:\Users\fskyy\AppData\Local\Temp\ccUFfzre.s 			page 4


 153 00c7 11       		.byte	0x11
 154 00c8 8C000000 		.4byte	0x8c
 155 00cc 00       		.byte	0
 156 00cd 06       		.uleb128 0x6
 157 00ce 646C6300 		.ascii	"dlc\000"
 158 00d2 04       		.byte	0x4
 159 00d3 12       		.byte	0x12
 160 00d4 81000000 		.4byte	0x81
 161 00d8 02       		.byte	0x2
 162 00d9 07       		.uleb128 0x7
 163 00da B4000000 		.4byte	.LASF18
 164 00de 04       		.byte	0x4
 165 00df 13       		.byte	0x13
 166 00e0 E6000000 		.4byte	0xe6
 167 00e4 03       		.byte	0x3
 168 00e5 00       		.byte	0
 169 00e6 08       		.uleb128 0x8
 170 00e7 81000000 		.4byte	0x81
 171 00eb F6000000 		.4byte	0xf6
 172 00ef 09       		.uleb128 0x9
 173 00f0 B3000000 		.4byte	0xb3
 174 00f4 07       		.byte	0x7
 175 00f5 00       		.byte	0
 176 00f6 03       		.uleb128 0x3
 177 00f7 F2000000 		.4byte	.LASF19
 178 00fb 04       		.byte	0x4
 179 00fc 14       		.byte	0x14
 180 00fd BA000000 		.4byte	0xba
 181 0101 0A       		.uleb128 0xa
 182 0102 86000000 		.4byte	.LASF25
 183 0106 01       		.byte	0x1
 184 0107 11       		.byte	0x11
 185 0108 73000000 		.4byte	0x73
 186 010c 00000000 		.4byte	.LFB34
 187 0110 04000000 		.4byte	.LFE34-.LFB34
 188 0114 01       		.uleb128 0x1
 189 0115 9C       		.byte	0x9c
 190 0116 0B       		.uleb128 0xb
 191 0117 E4000000 		.4byte	.LASF20
 192 011b 01       		.byte	0x1
 193 011c 14       		.byte	0x14
 194 011d F6000000 		.4byte	0xf6
 195 0121 0B       		.uleb128 0xb
 196 0122 9F010000 		.4byte	.LASF21
 197 0126 01       		.byte	0x1
 198 0127 15       		.byte	0x15
 199 0128 F6000000 		.4byte	0xf6
 200 012c 00       		.byte	0
 201 012d 00       		.byte	0
 202              		.section	.debug_abbrev,"",%progbits
 203              	.Ldebug_abbrev0:
 204 0000 01       		.uleb128 0x1
 205 0001 11       		.uleb128 0x11
 206 0002 01       		.byte	0x1
 207 0003 25       		.uleb128 0x25
 208 0004 0E       		.uleb128 0xe
 209 0005 13       		.uleb128 0x13
ARM GAS  C:\Users\fskyy\AppData\Local\Temp\ccUFfzre.s 			page 5


 210 0006 0B       		.uleb128 0xb
 211 0007 03       		.uleb128 0x3
 212 0008 0E       		.uleb128 0xe
 213 0009 1B       		.uleb128 0x1b
 214 000a 0E       		.uleb128 0xe
 215 000b 55       		.uleb128 0x55
 216 000c 17       		.uleb128 0x17
 217 000d 11       		.uleb128 0x11
 218 000e 01       		.uleb128 0x1
 219 000f 10       		.uleb128 0x10
 220 0010 17       		.uleb128 0x17
 221 0011 00       		.byte	0
 222 0012 00       		.byte	0
 223 0013 02       		.uleb128 0x2
 224 0014 24       		.uleb128 0x24
 225 0015 00       		.byte	0
 226 0016 0B       		.uleb128 0xb
 227 0017 0B       		.uleb128 0xb
 228 0018 3E       		.uleb128 0x3e
 229 0019 0B       		.uleb128 0xb
 230 001a 03       		.uleb128 0x3
 231 001b 0E       		.uleb128 0xe
 232 001c 00       		.byte	0
 233 001d 00       		.byte	0
 234 001e 03       		.uleb128 0x3
 235 001f 16       		.uleb128 0x16
 236 0020 00       		.byte	0
 237 0021 03       		.uleb128 0x3
 238 0022 0E       		.uleb128 0xe
 239 0023 3A       		.uleb128 0x3a
 240 0024 0B       		.uleb128 0xb
 241 0025 3B       		.uleb128 0x3b
 242 0026 0B       		.uleb128 0xb
 243 0027 49       		.uleb128 0x49
 244 0028 13       		.uleb128 0x13
 245 0029 00       		.byte	0
 246 002a 00       		.byte	0
 247 002b 04       		.uleb128 0x4
 248 002c 24       		.uleb128 0x24
 249 002d 00       		.byte	0
 250 002e 0B       		.uleb128 0xb
 251 002f 0B       		.uleb128 0xb
 252 0030 3E       		.uleb128 0x3e
 253 0031 0B       		.uleb128 0xb
 254 0032 03       		.uleb128 0x3
 255 0033 08       		.uleb128 0x8
 256 0034 00       		.byte	0
 257 0035 00       		.byte	0
 258 0036 05       		.uleb128 0x5
 259 0037 13       		.uleb128 0x13
 260 0038 01       		.byte	0x1
 261 0039 0B       		.uleb128 0xb
 262 003a 0B       		.uleb128 0xb
 263 003b 3A       		.uleb128 0x3a
 264 003c 0B       		.uleb128 0xb
 265 003d 3B       		.uleb128 0x3b
 266 003e 0B       		.uleb128 0xb
ARM GAS  C:\Users\fskyy\AppData\Local\Temp\ccUFfzre.s 			page 6


 267 003f 01       		.uleb128 0x1
 268 0040 13       		.uleb128 0x13
 269 0041 00       		.byte	0
 270 0042 00       		.byte	0
 271 0043 06       		.uleb128 0x6
 272 0044 0D       		.uleb128 0xd
 273 0045 00       		.byte	0
 274 0046 03       		.uleb128 0x3
 275 0047 08       		.uleb128 0x8
 276 0048 3A       		.uleb128 0x3a
 277 0049 0B       		.uleb128 0xb
 278 004a 3B       		.uleb128 0x3b
 279 004b 0B       		.uleb128 0xb
 280 004c 49       		.uleb128 0x49
 281 004d 13       		.uleb128 0x13
 282 004e 38       		.uleb128 0x38
 283 004f 0B       		.uleb128 0xb
 284 0050 00       		.byte	0
 285 0051 00       		.byte	0
 286 0052 07       		.uleb128 0x7
 287 0053 0D       		.uleb128 0xd
 288 0054 00       		.byte	0
 289 0055 03       		.uleb128 0x3
 290 0056 0E       		.uleb128 0xe
 291 0057 3A       		.uleb128 0x3a
 292 0058 0B       		.uleb128 0xb
 293 0059 3B       		.uleb128 0x3b
 294 005a 0B       		.uleb128 0xb
 295 005b 49       		.uleb128 0x49
 296 005c 13       		.uleb128 0x13
 297 005d 38       		.uleb128 0x38
 298 005e 0B       		.uleb128 0xb
 299 005f 00       		.byte	0
 300 0060 00       		.byte	0
 301 0061 08       		.uleb128 0x8
 302 0062 01       		.uleb128 0x1
 303 0063 01       		.byte	0x1
 304 0064 49       		.uleb128 0x49
 305 0065 13       		.uleb128 0x13
 306 0066 01       		.uleb128 0x1
 307 0067 13       		.uleb128 0x13
 308 0068 00       		.byte	0
 309 0069 00       		.byte	0
 310 006a 09       		.uleb128 0x9
 311 006b 21       		.uleb128 0x21
 312 006c 00       		.byte	0
 313 006d 49       		.uleb128 0x49
 314 006e 13       		.uleb128 0x13
 315 006f 2F       		.uleb128 0x2f
 316 0070 0B       		.uleb128 0xb
 317 0071 00       		.byte	0
 318 0072 00       		.byte	0
 319 0073 0A       		.uleb128 0xa
 320 0074 2E       		.uleb128 0x2e
 321 0075 01       		.byte	0x1
 322 0076 3F       		.uleb128 0x3f
 323 0077 19       		.uleb128 0x19
ARM GAS  C:\Users\fskyy\AppData\Local\Temp\ccUFfzre.s 			page 7


 324 0078 03       		.uleb128 0x3
 325 0079 0E       		.uleb128 0xe
 326 007a 3A       		.uleb128 0x3a
 327 007b 0B       		.uleb128 0xb
 328 007c 3B       		.uleb128 0x3b
 329 007d 0B       		.uleb128 0xb
 330 007e 27       		.uleb128 0x27
 331 007f 19       		.uleb128 0x19
 332 0080 49       		.uleb128 0x49
 333 0081 13       		.uleb128 0x13
 334 0082 8701     		.uleb128 0x87
 335 0084 19       		.uleb128 0x19
 336 0085 11       		.uleb128 0x11
 337 0086 01       		.uleb128 0x1
 338 0087 12       		.uleb128 0x12
 339 0088 06       		.uleb128 0x6
 340 0089 40       		.uleb128 0x40
 341 008a 18       		.uleb128 0x18
 342 008b 9742     		.uleb128 0x2117
 343 008d 19       		.uleb128 0x19
 344 008e 00       		.byte	0
 345 008f 00       		.byte	0
 346 0090 0B       		.uleb128 0xb
 347 0091 34       		.uleb128 0x34
 348 0092 00       		.byte	0
 349 0093 03       		.uleb128 0x3
 350 0094 0E       		.uleb128 0xe
 351 0095 3A       		.uleb128 0x3a
 352 0096 0B       		.uleb128 0xb
 353 0097 3B       		.uleb128 0x3b
 354 0098 0B       		.uleb128 0xb
 355 0099 49       		.uleb128 0x49
 356 009a 13       		.uleb128 0x13
 357 009b 00       		.byte	0
 358 009c 00       		.byte	0
 359 009d 00       		.byte	0
 360              		.section	.debug_aranges,"",%progbits
 361 0000 1C000000 		.4byte	0x1c
 362 0004 0200     		.2byte	0x2
 363 0006 00000000 		.4byte	.Ldebug_info0
 364 000a 04       		.byte	0x4
 365 000b 00       		.byte	0
 366 000c 0000     		.2byte	0
 367 000e 0000     		.2byte	0
 368 0010 00000000 		.4byte	.LFB34
 369 0014 04000000 		.4byte	.LFE34-.LFB34
 370 0018 00000000 		.4byte	0
 371 001c 00000000 		.4byte	0
 372              		.section	.debug_ranges,"",%progbits
 373              	.Ldebug_ranges0:
 374 0000 00000000 		.4byte	.LFB34
 375 0004 04000000 		.4byte	.LFE34
 376 0008 00000000 		.4byte	0
 377 000c 00000000 		.4byte	0
 378              		.section	.debug_line,"",%progbits
 379              	.Ldebug_line0:
 380 0000 7E010000 		.section	.debug_str,"MS",%progbits,1
ARM GAS  C:\Users\fskyy\AppData\Local\Temp\ccUFfzre.s 			page 8


 380      02006801 
 380      00000201 
 380      FB0E0D00 
 380      01010101 
 381              	.LASF24:
 382 0000 433A5C55 		.ascii	"C:\\Users\\fskyy\\OneDrive\\Documents\\Husky Roboti"
 382      73657273 
 382      5C66736B 
 382      79795C4F 
 382      6E654472 
 383 002e 63735C43 		.ascii	"cs\\Chassis_Power_Distro\\ChassisPowerDistro.cydsn\000"
 383      68617373 
 383      69735F50 
 383      6F776572 
 383      5F446973 
 384              	.LASF5:
 385 005f 73686F72 		.ascii	"short unsigned int\000"
 385      7420756E 
 385      7369676E 
 385      65642069 
 385      6E7400
 386              	.LASF10:
 387 0072 756E7369 		.ascii	"unsigned int\000"
 387      676E6564 
 387      20696E74 
 387      00
 388              	.LASF23:
 389 007f 6D61696E 		.ascii	"main.c\000"
 389      2E6300
 390              	.LASF25:
 391 0086 6D61696E 		.ascii	"main\000"
 391      00
 392              	.LASF7:
 393 008b 6C6F6E67 		.ascii	"long unsigned int\000"
 393      20756E73 
 393      69676E65 
 393      6420696E 
 393      7400
 394              	.LASF9:
 395 009d 6C6F6E67 		.ascii	"long long unsigned int\000"
 395      206C6F6E 
 395      6720756E 
 395      7369676E 
 395      65642069 
 396              	.LASF18:
 397 00b4 64617461 		.ascii	"data\000"
 397      00
 398              	.LASF4:
 399 00b9 5F5F7569 		.ascii	"__uint16_t\000"
 399      6E743136 
 399      5F7400
 400              	.LASF11:
 401 00c4 75696E74 		.ascii	"uint8_t\000"
 401      385F7400 
 402              	.LASF1:
 403 00cc 756E7369 		.ascii	"unsigned char\000"
 403      676E6564 
ARM GAS  C:\Users\fskyy\AppData\Local\Temp\ccUFfzre.s 			page 9


 403      20636861 
 403      7200
 404              	.LASF3:
 405 00da 5F5F7569 		.ascii	"__uint8_t\000"
 405      6E74385F 
 405      7400
 406              	.LASF20:
 407 00e4 73656E64 		.ascii	"send\000"
 407      00
 408              	.LASF17:
 409 00e9 73697A65 		.ascii	"sizetype\000"
 409      74797065 
 409      00
 410              	.LASF19:
 411 00f2 43414E50 		.ascii	"CANPacket\000"
 411      61636B65 
 411      7400
 412              	.LASF14:
 413 00fc 646F7562 		.ascii	"double\000"
 413      6C6500
 414              	.LASF8:
 415 0103 6C6F6E67 		.ascii	"long long int\000"
 415      206C6F6E 
 415      6720696E 
 415      7400
 416              	.LASF22:
 417 0111 474E5520 		.ascii	"GNU C11 5.4.1 20160609 (release) [ARM/embedded-5-br"
 417      43313120 
 417      352E342E 
 417      31203230 
 417      31363036 
 418 0144 616E6368 		.ascii	"anch revision 237715] -mcpu=cortex-m0 -mthumb -g -O"
 418      20726576 
 418      6973696F 
 418      6E203233 
 418      37373135 
 419 0177 67202D66 		.ascii	"g -ffunction-sections -ffat-lto-objects\000"
 419      66756E63 
 419      74696F6E 
 419      2D736563 
 419      74696F6E 
 420              	.LASF21:
 421 019f 72656369 		.ascii	"recieve\000"
 421      65766500 
 422              	.LASF0:
 423 01a7 7369676E 		.ascii	"signed char\000"
 423      65642063 
 423      68617200 
 424              	.LASF16:
 425 01b3 6C6F6E67 		.ascii	"long double\000"
 425      20646F75 
 425      626C6500 
 426              	.LASF12:
 427 01bf 75696E74 		.ascii	"uint16_t\000"
 427      31365F74 
 427      00
 428              	.LASF13:
ARM GAS  C:\Users\fskyy\AppData\Local\Temp\ccUFfzre.s 			page 10


 429 01c8 666C6F61 		.ascii	"float\000"
 429      7400
 430              	.LASF6:
 431 01ce 6C6F6E67 		.ascii	"long int\000"
 431      20696E74 
 431      00
 432              	.LASF2:
 433 01d7 73686F72 		.ascii	"short int\000"
 433      7420696E 
 433      7400
 434              	.LASF15:
 435 01e1 63686172 		.ascii	"char\000"
 435      00
 436              		.ident	"GCC: (GNU Tools for ARM Embedded Processors) 5.4.1 20160609 (release) [ARM/embedded-5-bran
